Unity Editor version:    2021.3.16f1 (4016570cf34f)
Branch:                  2021.3/staging
Build type:              Release
Batch mode:              YES
System name:             Linux
Distro version:          #36~22.04.1-Ubuntu SMP PREEMPT_DYNAMIC Fri Feb 17 15:17:25 UTC 2
Kernel version:          5.19.0-35-generic
Architecture:            x86_64
Available memory:        15904 MB
Using pre-set license
Pro License: YES
Gtk-Message: 20:16:13.207: Failed to load module "xapp-gtk3-module"
Desktop is 3840 x 1080 @ 60 Hz
Initialize udev device monitor.

COMMAND LINE ARGUMENTS:
Unity
-adb2
-batchMode
-noUpm
-name
AssetImportWorker0
-projectPath
/home/thiago/UFOP/Computacao Grafica/unity_projects/pet-go
-logFile
Logs/AssetImportWorker0.log
-srvPort
46637
Successfully changed project path to: /home/thiago/UFOP/Computacao Grafica/unity_projects/pet-go
/home/thiago/UFOP/Computacao Grafica/unity_projects/pet-go
[UnityMemory] Configuration Parameters - Can be set up in boot.config
    "memorysetup-bucket-allocator-granularity=16"
    "memorysetup-bucket-allocator-bucket-count=8"
    "memorysetup-bucket-allocator-block-size=33554432"
    "memorysetup-bucket-allocator-block-count=8"
    "memorysetup-main-allocator-block-size=16777216"
    "memorysetup-thread-allocator-block-size=16777216"
    "memorysetup-gfx-main-allocator-block-size=16777216"
    "memorysetup-gfx-thread-allocator-block-size=16777216"
    "memorysetup-cache-allocator-block-size=4194304"
    "memorysetup-typetree-allocator-block-size=2097152"
    "memorysetup-profiler-bucket-allocator-granularity=16"
    "memorysetup-profiler-bucket-allocator-bucket-count=8"
    "memorysetup-profiler-bucket-allocator-block-size=33554432"
    "memorysetup-profiler-bucket-allocator-block-count=8"
    "memorysetup-profiler-allocator-block-size=16777216"
    "memorysetup-profiler-editor-allocator-block-size=1048576"
    "memorysetup-temp-allocator-size-main=16777216"
    "memorysetup-job-temp-allocator-block-size=2097152"
    "memorysetup-job-temp-allocator-block-size-background=1048576"
    "memorysetup-job-temp-allocator-reduction-small-platforms=262144"
    "memorysetup-temp-allocator-size-background-worker=32768"
    "memorysetup-temp-allocator-size-job-worker=262144"
    "memorysetup-temp-allocator-size-preload-manager=33554432"
    "memorysetup-temp-allocator-size-nav-mesh-worker=65536"
    "memorysetup-temp-allocator-size-audio-worker=65536"
    "memorysetup-temp-allocator-size-cloud-worker=32768"
    "memorysetup-temp-allocator-size-gi-baking-worker=262144"
    "memorysetup-temp-allocator-size-gfx=262144"
Player connection [140503448056704] Host "[IP] 192.168.2.6 [Port] 0 [Flags] 2 [Guid] 1042356782 [EditorId] 1042356782 [Version] 1048832 [Id] LinuxEditor(16,192.168.2.6) [Debug] 1 [PackageName] LinuxEditor [ProjectName] Editor" joined multi-casting on [225.0.0.222:54997]...

Player connection [140503448056704] Host "[IP] 192.168.2.6 [Port] 0 [Flags] 2 [Guid] 1042356782 [EditorId] 1042356782 [Version] 1048832 [Id] LinuxEditor(16,192.168.2.6) [Debug] 1 [PackageName] LinuxEditor [ProjectName] Editor" joined alternative multi-casting on [225.0.0.222:34997]...

Refreshing native plugins compatible for Editor in 82,75 ms, found 0 plugins.
Preloading 0 native plugins for Editor in 0,00 ms.
Initialize engine version: 2021.3.16f1 (4016570cf34f)
[Subsystems] Discovering subsystems at path /home/thiago/Unity/Hub/Editor/2021.3.16f1/Editor/Data/Resources/UnitySubsystems
[Subsystems] Discovering subsystems at path /home/thiago/UFOP/Computacao Grafica/unity_projects/pet-go/Assets
GLX Extensions: GLX_ARB_get_proc_address GLX_ARB_multisample GLX_EXT_visual_info GLX_EXT_visual_rating GLX_EXT_import_context GLX_SGI_video_sync GLX_SGIX_fbconfig GLX_SGIX_pbuffer GLX_SGI_swap_control GLX_EXT_swap_control GLX_EXT_swap_control_tear GLX_EXT_buffer_age GLX_ARB_create_context GLX_ARB_create_context_profile GLX_NV_float_buffer GLX_ARB_fbconfig_float GLX_EXT_texture_from_pixmap GLX_EXT_framebuffer_sRGB GLX_NV_copy_image GLX_EXT_create_context_es_profile GLX_EXT_create_context_es2_profile GLX_ARB_create_context_no_error GLX_ARB_create_context_robustness GLX_NV_delay_before_swap GLX_EXT_stereo_tree GLX_ARB_context_flush_control GLX_NV_robustness_video_memory_purge GLX_NV_multigpu_context 
Renderer: NVIDIA GeForce RTX 3060 Ti/PCIe/SSE2
Vendor:   NVIDIA Corporation
Version:  4.5.0 NVIDIA 525.85.05
GLES:     0
 GL_AMD_multi_draw_indirect GL_AMD_seamless_cubemap_per_texture GL_AMD_vertex_shader_viewport_index GL_AMD_vertex_shader_layer GL_ARB_arrays_of_arrays GL_ARB_base_instance GL_ARB_bindless_texture GL_ARB_blend_func_extended GL_ARB_buffer_storage GL_ARB_clear_buffer_object GL_ARB_clear_texture GL_ARB_clip_control GL_ARB_color_buffer_float GL_ARB_compressed_texture_pixel_storage GL_ARB_conservative_depth GL_ARB_compute_shader GL_ARB_compute_variable_group_size GL_ARB_conditional_render_inverted GL_ARB_copy_buffer GL_ARB_copy_image GL_ARB_cull_distance GL_ARB_debug_output GL_ARB_depth_buffer_float GL_ARB_depth_clamp GL_ARB_depth_texture GL_ARB_derivative_control GL_ARB_direct_state_access GL_ARB_draw_buffers GL_ARB_draw_buffers_blend GL_ARB_draw_indirect GL_ARB_draw_elements_base_vertex GL_ARB_draw_instanced GL_ARB_enhanced_layouts GL_ARB_ES2_compatibility GL_ARB_ES3_compatibility GL_ARB_ES3_1_compatibility GL_ARB_ES3_2_compatibility GL_ARB_explicit_attrib_location GL_ARB_explicit_uniform_location GL_ARB_fragmen
t_coord_conventions GL_ARB_fragment_layer_viewport GL_ARB_fragment_program GL_ARB_fragment_program_shadow GL_ARB_fragment_shader GL_ARB_fragment_shader_interlock GL_ARB_framebuffer_no_attachments GL_ARB_framebuffer_object GL_ARB_framebuffer_sRGB GL_ARB_geometry_shader4 GL_ARB_get_program_binary GL_ARB_get_texture_sub_image GL_ARB_gl_spirv GL_ARB_gpu_shader5 GL_ARB_gpu_shader_fp64 GL_ARB_gpu_shader_int64 GL_ARB_half_float_pixel GL_ARB_half_float_vertex GL_ARB_imaging GL_ARB_indirect_parameters GL_ARB_instanced_arrays GL_ARB_internalformat_query GL_ARB_internalformat_query2 GL_ARB_invalidate_subdata GL_ARB_map_buffer_alignment GL_ARB_map_buffer_range GL_ARB_multi_bind GL_ARB_multi_draw_indirect GL_ARB_multisample GL_ARB_multitexture GL_ARB_occlusion_query GL_ARB_occlusion_query2 GL_ARB_parallel_shader_compile GL_ARB_pipeline_statistics_query GL_ARB_pixel_buffer_object GL_ARB_point_parameters GL_ARB_point_sprite GL_ARB_polygon_offset_clamp GL_ARB_post_depth_coverage GL_ARB_program_interface_query GL_ARB_provoki
ng_vertex GL_ARB_query_buffer_object GL_ARB_robust_buffer_access_behavior GL_ARB_robustness GL_ARB_sample_locations GL_ARB_sample_shading GL_ARB_sampler_objects GL_ARB_seamless_cube_map GL_ARB_seamless_cubemap_per_texture GL_ARB_separate_shader_objects GL_ARB_shader_atomic_counter_ops GL_ARB_shader_atomic_counters GL_ARB_shader_ballot GL_ARB_shader_bit_encoding GL_ARB_shader_clock GL_ARB_shader_draw_parameters GL_ARB_shader_group_vote GL_ARB_shader_image_load_store GL_ARB_shader_image_size GL_ARB_shader_objects GL_ARB_shader_precision GL_ARB_shader_storage_buffer_object GL_ARB_shader_subroutine GL_ARB_shader_texture_image_samples GL_ARB_shader_texture_lod GL_ARB_shading_language_100 GL_ARB_shader_viewport_layer_array GL_ARB_shading_language_420pack GL_ARB_shading_language_include GL_ARB_shading_language_packing GL_ARB_shadow GL_ARB_sparse_buffer GL_ARB_sparse_texture GL_ARB_sparse_texture2 GL_ARB_sparse_texture_clamp GL_ARB_spirv_extensions GL_ARB_stencil_texturing GL_ARB_sync GL_ARB_tessellation_shader GL_A
RB_texture_barrier GL_ARB_texture_border_clamp GL_ARB_texture_buffer_object GL_ARB_texture_buffer_object_rgb32 GL_ARB_texture_buffer_range GL_ARB_texture_compression GL_ARB_texture_compression_bptc GL_ARB_texture_compression_rgtc GL_ARB_texture_cube_map GL_ARB_texture_cube_map_array GL_ARB_texture_env_add GL_ARB_texture_env_combine GL_ARB_texture_env_crossbar GL_ARB_texture_env_dot3 GL_ARB_texture_filter_anisotropic GL_ARB_texture_filter_minmax GL_ARB_texture_float GL_ARB_texture_gather GL_ARB_texture_mirror_clamp_to_edge GL_ARB_texture_mirrored_repeat GL_ARB_texture_multisample GL_ARB_texture_non_power_of_two GL_ARB_texture_query_levels GL_ARB_texture_query_lod GL_ARB_texture_rectangle GL_ARB_texture_rg GL_ARB_texture_rgb10_a2ui GL_ARB_texture_stencil8 GL_ARB_texture_storage GL_ARB_texture_storage_multisample GL_ARB_texture_swizzle GL_ARB_texture_view GL_ARB_timer_query GL_ARB_transform_feedback2 GL_ARB_transform_feedback3 GL_ARB_transform_feedback_instanced GL_ARB_transform_feedback_overflow_query GL_ARB_t
ranspose_matrix GL_ARB_uniform_buffer_object GL_ARB_vertex_array_bgra GL_ARB_vertex_array_object GL_ARB_vertex_attrib_64bit GL_ARB_vertex_attrib_binding GL_ARB_vertex_buffer_object GL_ARB_vertex_program GL_ARB_vertex_shader GL_ARB_vertex_type_10f_11f_11f_rev GL_ARB_vertex_type_2_10_10_10_rev GL_ARB_viewport_array GL_ARB_window_pos GL_ATI_draw_buffers GL_ATI_texture_float GL_ATI_texture_mirror_once GL_S3_s3tc GL_EXT_texture_env_add GL_EXT_abgr GL_EXT_bgra GL_EXT_bindable_uniform GL_EXT_blend_color GL_EXT_blend_equation_separate GL_EXT_blend_func_separate GL_EXT_blend_minmax GL_EXT_blend_subtract GL_EXT_compiled_vertex_array GL_EXT_Cg_shader GL_EXT_depth_bounds_test GL_EXT_direct_state_access GL_EXT_draw_buffers2 GL_EXT_draw_instanced GL_EXT_draw_range_elements GL_EXT_fog_coord GL_EXT_framebuffer_blit GL_EXT_framebuffer_multisample GL_EXTX_framebuffer_mixed_formats GL_EXT_framebuffer_multisample_blit_scaled GL_EXT_framebuffer_object GL_EXT_framebuffer_sRGB GL_EXT_geometry_shader4 GL_EXT_gpu_program_parameters 
GL_EXT_gpu_shader4 GL_EXT_multi_draw_arrays GL_EXT_multiview_texture_multisample GL_EXT_multiview_timer_query GL_EXT_packed_depth_stencil GL_EXT_packed_float GL_EXT_packed_pixels GL_EXT_pixel_buffer_object GL_EXT_point_parameters GL_EXT_polygon_offset_clamp GL_EXT_post_depth_coverage GL_EXT_provoking_vertex GL_EXT_raster_multisample GL_EXT_rescale_normal GL_EXT_secondary_color GL_EXT_separate_shader_objects GL_EXT_separate_specular_color GL_EXT_shader_image_load_formatted GL_EXT_shader_image_load_store GL_EXT_shader_integer_mix GL_EXT_shadow_funcs GL_EXT_sparse_texture2 GL_EXT_stencil_two_side GL_EXT_stencil_wrap GL_EXT_texture3D GL_EXT_texture_array GL_EXT_texture_buffer_object GL_EXT_texture_compression_dxt1 GL_EXT_texture_compression_latc GL_EXT_texture_compression_rgtc GL_EXT_texture_compression_s3tc GL_EXT_texture_cube_map GL_EXT_texture_edge_clamp GL_EXT_texture_env_combine GL_EXT_texture_env_dot3 GL_EXT_texture_filter_anisotropic GL_EXT_texture_filter_minmax GL_EXT_texture_integer GL_EXT_texture_lod G
L_EXT_texture_lod_bias GL_EXT_texture_mirror_clamp GL_EXT_texture_object GL_EXT_texture_shadow_lod GL_EXT_texture_shared_exponent GL_EXT_texture_sRGB GL_EXT_texture_sRGB_R8 GL_EXT_texture_sRGB_decode GL_EXT_texture_storage GL_EXT_texture_swizzle GL_EXT_timer_query GL_EXT_transform_feedback2 GL_EXT_vertex_array GL_EXT_vertex_array_bgra GL_EXT_vertex_attrib_64bit GL_EXT_window_rectangles GL_EXT_x11_sync_object GL_EXT_import_sync_object GL_NV_robustness_video_memory_purge GL_IBM_rasterpos_clip GL_IBM_texture_mirrored_repeat GL_KHR_context_flush_control GL_KHR_debug GL_EXT_memory_object GL_EXT_memory_object_fd GL_NV_memory_object_sparse GL_KHR_parallel_shader_compile GL_KHR_no_error GL_KHR_robust_buffer_access_behavior GL_KHR_robustness GL_EXT_semaphore GL_EXT_semaphore_fd GL_NV_timeline_semaphore GL_KHR_shader_subgroup GL_KTX_buffer_region GL_NV_alpha_to_coverage_dither_control GL_NV_bindless_multi_draw_indirect GL_NV_bindless_multi_draw_indirect_count GL_NV_bindless_texture GL_NV_blend_equation_advanced GL_NV_
blend_equation_advanced_coherent GL_NVX_blend_equation_advanced_multi_draw_buffers GL_NV_blend_minmax_factor GL_NV_blend_square GL_NV_clip_space_w_scaling GL_NV_command_list GL_NV_compute_program5 GL_NV_compute_shader_derivatives GL_NV_conditional_render GL_NV_conservative_raster GL_NV_conservative_raster_dilate GL_NV_conservative_raster_pre_snap GL_NV_conservative_raster_pre_snap_triangles GL_NV_conservative_raster_underestimation GL_NV_copy_depth_to_color GL_NV_copy_image GL_NV_depth_buffer_float GL_NV_depth_clamp GL_NV_draw_texture GL_NV_draw_vulkan_image GL_NV_ES1_1_compatibility GL_NV_ES3_1_compatibility GL_NV_explicit_multisample GL_NV_feature_query GL_NV_fence GL_NV_fill_rectangle GL_NV_float_buffer GL_NV_fog_distance GL_NV_fragment_coverage_to_color GL_NV_fragment_program GL_NV_fragment_program_option GL_NV_fragment_program2 GL_NV_fragment_shader_barycentric GL_NV_fragment_shader_interlock GL_NV_framebuffer_mixed_samples GL_NV_framebuffer_multisample_coverage GL_NV_geometry_shader4 GL_NV_geometry_sha
der_passthrough GL_NV_gpu_program4 GL_NV_internalformat_sample_query GL_NV_gpu_program4_1 GL_NV_gpu_program5 GL_NV_gpu_program5_mem_extended GL_NV_gpu_program_fp64 GL_NV_gpu_shader5 GL_NV_half_float GL_NV_light_max_exponent GL_NV_memory_attachment GL_NV_mesh_shader GL_NV_multisample_coverage GL_NV_multisample_filter_hint GL_NV_occlusion_query GL_NV_packed_depth_stencil GL_NV_parameter_buffer_object GL_NV_parameter_buffer_object2 GL_NV_path_rendering GL_NV_path_rendering_shared_edge GL_NV_pixel_data_range GL_NV_point_sprite GL_NV_primitive_restart GL_NV_primitive_shading_rate GL_NV_query_resource GL_NV_query_resource_tag GL_NV_register_combiners GL_NV_register_combiners2 GL_NV_representative_fragment_test GL_NV_sample_locations GL_NV_sample_mask_override_coverage GL_NV_scissor_exclusive GL_NV_shader_atomic_counters GL_NV_shader_atomic_float GL_NV_shader_atomic_float64 GL_NV_shader_atomic_fp16_vector GL_NV_shader_atomic_int64 GL_NV_shader_buffer_load GL_NV_shader_storage_buffer_object GL_NV_shader_subgroup_par
titioned GL_NV_shader_texture_footprint GL_NV_shading_rate_image GL_NV_stereo_view_rendering GL_NV_texgen_reflection GL_NV_texture_barrier GL_NV_texture_compression_vtc GL_NV_texture_dirty_tile_map GL_NV_texture_env_combine4 GL_NV_texture_multisample GL_NV_texture_rectangle GL_NV_texture_rectangle_compressed GL_NV_texture_shader GL_NV_texture_shader2 GL_NV_texture_shader3 GL_NV_transform_feedback GL_NV_transform_feedback2 GL_NV_uniform_buffer_unified_memory GL_NV_uniform_buffer_std430_layout GL_NV_vdpau_interop GL_NV_vdpau_interop2 GL_NV_vertex_array_range GL_NV_vertex_array_range2 GL_NV_vertex_attrib_integer_64bit GL_NV_vertex_buffer_unified_memory GL_NV_vertex_program GL_NV_vertex_program1_1 GL_NV_vertex_program2 GL_NV_vertex_program2_option GL_NV_vertex_program3 GL_NV_viewport_array2 GL_NV_viewport_swizzle GL_NVX_conditional_render GL_NV_gpu_multicast GL_NVX_progress_fence GL_NVX_gpu_memory_info GL_NVX_nvenc_interop GL_NV_shader_thread_group GL_NV_shader_thread_shuffle GL_KHR_blend_equation_advanced GL_KH
R_blend_equation_advanced_coherent GL_OVR_multiview GL_OVR_multiview2 GL_SGIS_generate_mipmap GL_SGIS_texture_lod GL_SGIX_depth_texture GL_SGIX_shadow GL_SUN_slice_accum
OPENGL LOG: Creating OpenGL 4.5 graphics device ; Context level  <OpenGL 4.5> ; Context handle 1212142392
Initialize mono
Mono path[0] = '/home/thiago/Unity/Hub/Editor/2021.3.16f1/Editor/Data/Managed'
Mono path[1] = '/home/thiago/Unity/Hub/Editor/2021.3.16f1/Editor/Data/MonoBleedingEdge/lib/mono/unityjit-linux'
Mono config path = '/home/thiago/Unity/Hub/Editor/2021.3.16f1/Editor/Data/MonoBleedingEdge/etc'
Using monoOptions --debugger-agent=transport=dt_socket,embedding=1,server=y,suspend=n,address=127.0.0.1:56245
Begin MonoManager ReloadAssembly
Registering precompiled unity dll's ...
Register platform support module: /home/thiago/Unity/Hub/Editor/2021.3.16f1/Editor/Data/PlaybackEngines/LinuxStandaloneSupport/UnityEditor.LinuxStandalone.Extensions.dll
Registered in 0,003689 seconds.
Native extension for LinuxStandalone target not found
Refreshing native plugins compatible for Editor in 81,73 ms, found 0 plugins.
Preloading 0 native plugins for Editor in 0,00 ms.
Mono: successfully reloaded assembly
- Completed reload, in  0,467 seconds
Domain Reload Profiling:
	ReloadAssembly (467ms)
		BeginReloadAssembly (49ms)
			ExecutionOrderSort (0ms)
			DisableScriptedObjects (0ms)
			BackupInstance (0ms)
			ReleaseScriptingObjects (0ms)
			CreateAndSetChildDomain (1ms)
		EndReloadAssembly (345ms)
			LoadAssemblies (47ms)
			RebuildTransferFunctionScriptingTraits (0ms)
			SetupTypeCache (72ms)
			ReleaseScriptCaches (0ms)
			RebuildScriptCaches (21ms)
			SetupLoadedEditorAssemblies (214ms)
				LogAssemblyErrors (0ms)
				InitializePlatformSupportModulesInManaged (5ms)
				SetLoadedEditorAssemblies (0ms)
				RefreshPlugins (82ms)
				BeforeProcessingInitializeOnLoad (1ms)
				ProcessInitializeOnLoadAttributes (94ms)
				ProcessInitializeOnLoadMethodAttributes (32ms)
				AfterProcessingInitializeOnLoad (0ms)
				EditorAssembliesLoaded (0ms)
			ExecutionOrderSort2 (0ms)
			AwakeInstancesAfterBackupRestoration (0ms)
Platform modules already initialized, skipping
Registering precompiled user dll's ...
Registered in 0,002694 seconds.
Begin MonoManager ReloadAssembly
Symbol file LoadedFromMemory doesn't match image /home/thiago/UFOP/Computacao Grafica/unity_projects/pet-go/Library/PackageCache/com.unity.visualscripting@1.8.0/Editor/VisualScripting.Core/Dependencies/DotNetZip/Unity.VisualScripting.IonicZip.dll
Symbol file LoadedFromMemory doesn't match image /home/thiago/UFOP/Computacao Grafica/unity_projects/pet-go/Library/PackageCache/com.unity.visualscripting@1.8.0/Editor/VisualScripting.Core/Dependencies/YamlDotNet/Unity.VisualScripting.YamlDotNet.dll
Native extension for LinuxStandalone target not found
Refreshing native plugins compatible for Editor in 82,10 ms, found 0 plugins.
Preloading 0 native plugins for Editor in 0,00 ms.
Mono: successfully reloaded assembly
- Completed reload, in  0,866 seconds
Domain Reload Profiling:
	ReloadAssembly (867ms)
		BeginReloadAssembly (61ms)
			ExecutionOrderSort (0ms)
			DisableScriptedObjects (4ms)
			BackupInstance (0ms)
			ReleaseScriptingObjects (0ms)
			CreateAndSetChildDomain (15ms)
		EndReloadAssembly (722ms)
			LoadAssemblies (36ms)
			RebuildTransferFunctionScriptingTraits (0ms)
			SetupTypeCache (162ms)
			ReleaseScriptCaches (0ms)
			RebuildScriptCaches (42ms)
			SetupLoadedEditorAssemblies (439ms)
				LogAssemblyErrors (0ms)
				InitializePlatformSupportModulesInManaged (8ms)
				SetLoadedEditorAssemblies (0ms)
				RefreshPlugins (82ms)
				BeforeProcessingInitializeOnLoad (71ms)
				ProcessInitializeOnLoadAttributes (200ms)
				ProcessInitializeOnLoadMethodAttributes (74ms)
				AfterProcessingInitializeOnLoad (4ms)
				EditorAssembliesLoaded (0ms)
			ExecutionOrderSort2 (0ms)
			AwakeInstancesAfterBackupRestoration (3ms)
Platform modules already initialized, skipping
========================================================================
Worker process is ready to serve import requests
Launched and connected shader compiler UnityShaderCompiler after 0.01 seconds
Refreshing native plugins compatible for Editor in 0,73 ms, found 0 plugins.
Preloading 0 native plugins for Editor in 0,00 ms.
Unloading 4109 Unused Serialized files (Serialized files now loaded: 0)
Unloading 87 unused Assets / (1,4 MB). Loaded Objects now: 4565.
Memory consumption went from 154,8 MB to 153,4 MB.
Total: 6,310362 ms (FindLiveObjects: 0,253160 ms CreateObjectMapping: 0,116290 ms MarkObjects: 5,569242 ms  DeleteObjects: 0,370730 ms)

AssetImportParameters requested are different than current active one (requested -> active):
  custom:video-decoder-ogg-theora: a1e56fd34408186e4bbccfd4996cb3dc -> 
  custom:container-muxer-webm: aa71ff27fc2769a1b78a27578f13a17b -> 
  custom:container-demuxer-webm: 4f35f7cbe854078d1ac9338744f61a02 -> 
  custom:video-encoder-webm-vp8: eb34c28f22e8b96e1ab97ce403110664 -> 
  custom:audio-encoder-webm-vorbis: bf7c407c2cedff20999df2af8eb42d56 -> 
  custom:container-demuxer-ogg: 62fdf1f143b41e24485cea50d1cbac27 -> 
  custom:video-decoder-webm-vp8: 9c59270c3fd7afecdb556c50c9e8de78 -> 
  custom:audio-decoder-ogg-vorbis: bf7c407c2cedff20999df2af8eb42d56 -> 
========================================================================
Received Import Request.
  Time since last request: 27565,723588 seconds.
  path: Assets/PolygonDog/Models/Props/SM_Prop_Roll_01_Convex.asset
  artifactKey: Guid(a9661e6fc6e4b8d40b41f628c923619c) Importer(815301076,1909f56bfc062723c751e8b465ee728b)
Start importing Assets/PolygonDog/Models/Props/SM_Prop_Roll_01_Convex.asset using Guid(a9661e6fc6e4b8d40b41f628c923619c) Importer(815301076,1909f56bfc062723c751e8b465ee728b)  -> (artifact id: '95ee7f6b937c844ddecb4bee077f6cd5') in 0,057750 seconds 
========================================================================
Received Import Request.
  Time since last request: 0,000011 seconds.
  path: Assets/PolygonDog/Models/Props/SM_Prop_Barrel_01_Convex.asset
  artifactKey: Guid(e9dd0984a00cb7442b8c26ad3d316a69) Importer(815301076,1909f56bfc062723c751e8b465ee728b)
Start importing Assets/PolygonDog/Models/Props/SM_Prop_Barrel_01_Convex.asset using Guid(e9dd0984a00cb7442b8c26ad3d316a69) Importer(815301076,1909f56bfc062723c751e8b465ee728b)  -> (artifact id: '5a2015227c74d26eab1ed077b627a86e') in 0,005326 seconds 
========================================================================
Received Import Request.
  Time since last request: 0,000009 seconds.
  path: Assets/PolygonDog/Models/Props/SM_Prop_DoggieBag_01.fbx
  artifactKey: Guid(7d08419c972f047478e70b3246ae9c60) Importer(815301076,1909f56bfc062723c751e8b465ee728b)
Start importing Assets/PolygonDog/Models/Props/SM_Prop_DoggieBag_01.fbx using Guid(7d08419c972f047478e70b3246ae9c60) Importer(815301076,1909f56bfc062723c751e8b465ee728b)  -> (artifact id: '071c7cb29ef559c7ca058050ccfb4fd0') in 0,032496 seconds 
========================================================================
Received Import Request.
  Time since last request: 0,000011 seconds.
  path: Assets/PolygonDog/Models/Props/SM_Prop_Disc_Yellow_01.fbx
  artifactKey: Guid(9f56c319a1f13734f8a2c052efdb156a) Importer(815301076,1909f56bfc062723c751e8b465ee728b)
Start importing Assets/PolygonDog/Models/Props/SM_Prop_Disc_Yellow_01.fbx using Guid(9f56c319a1f13734f8a2c052efdb156a) Importer(815301076,1909f56bfc062723c751e8b465ee728b)  -> (artifact id: '7f76ed7f3497f1ad116b7371f59c3b4b') in 0,009255 seconds 
========================================================================
Received Import Request.
  Time since last request: 0,000010 seconds.
  path: Assets/PolygonDog/Models/Props/SM_Prop_Can_01.fbx
  artifactKey: Guid(8de4c8a6b98f28548bfa34b41f23fd8d) Importer(815301076,1909f56bfc062723c751e8b465ee728b)
Start importing Assets/PolygonDog/Models/Props/SM_Prop_Can_01.fbx using Guid(8de4c8a6b98f28548bfa34b41f23fd8d) Importer(815301076,1909f56bfc062723c751e8b465ee728b)  -> (artifact id: 'b9fbf32c73e0c0c93e857c13086e0307') in 0,010511 seconds 
========================================================================
Received Import Request.
  Time since last request: 0,000011 seconds.
  path: Assets/PolygonDog/Models/Props/SM_Prop_Can_Open_01_Convex.asset
  artifactKey: Guid(cd2244d3c8bc8f845be17de2a54568e3) Importer(815301076,1909f56bfc062723c751e8b465ee728b)
Start importing Assets/PolygonDog/Models/Props/SM_Prop_Can_Open_01_Convex.asset using Guid(cd2244d3c8bc8f845be17de2a54568e3) Importer(815301076,1909f56bfc062723c751e8b465ee728b)  -> (artifact id: 'e86d777ff3f40bc9fff622002646636b') in 0,003394 seconds 
========================================================================
Received Import Request.
  Time since last request: 0,000016 seconds.
  path: Assets/PolygonDog/Models/Props/SM_Prop_House_01.fbx
  artifactKey: Guid(ce66bfda680994c4a88d889881b0314e) Importer(815301076,1909f56bfc062723c751e8b465ee728b)
Start importing Assets/PolygonDog/Models/Props/SM_Prop_House_01.fbx using Guid(ce66bfda680994c4a88d889881b0314e) Importer(815301076,1909f56bfc062723c751e8b465ee728b)  -> (artifact id: 'fa236a9b22c83fa748133286b4a8a8c5') in 0,009881 seconds 
========================================================================
Received Import Request.
  Time since last request: 0,000010 seconds.
  path: Assets/PolygonDog/Models/Props/SM_Prop_Bone_01.fbx
  artifactKey: Guid(b63d77ea6bdc6bc44917af8a4f02b6f2) Importer(815301076,1909f56bfc062723c751e8b465ee728b)
Start importing Assets/PolygonDog/Models/Props/SM_Prop_Bone_01.fbx using Guid(b63d77ea6bdc6bc44917af8a4f02b6f2) Importer(815301076,1909f56bfc062723c751e8b465ee728b)  -> (artifact id: '6364ddd79855d51eb4f63b5cfe1920e8') in 0,008878 seconds 
========================================================================
Received Import Request.
  Time since last request: 0,000011 seconds.
  path: Assets/PolygonDog/Models/Props/SM_Prop_Obstacle_TubeJump_01.fbx
  artifactKey: Guid(88e29c1a7674c6140b3433c37233ad24) Importer(815301076,1909f56bfc062723c751e8b465ee728b)
Start importing Assets/PolygonDog/Models/Props/SM_Prop_Obstacle_TubeJump_01.fbx using Guid(88e29c1a7674c6140b3433c37233ad24) Importer(815301076,1909f56bfc062723c751e8b465ee728b)  -> (artifact id: '17d2ae442aa0489ee4c8a6a2124b69b5') in 0,010740 seconds 
========================================================================
Received Import Request.
  Time since last request: 0,000011 seconds.
  path: Assets/PolygonDog/Models/Props/SM_Prop_Roll_Half_01.fbx
  artifactKey: Guid(52351f78de72137449f2647461bb2cc5) Importer(815301076,1909f56bfc062723c751e8b465ee728b)
Start importing Assets/PolygonDog/Models/Props/SM_Prop_Roll_Half_01.fbx using Guid(52351f78de72137449f2647461bb2cc5) Importer(815301076,1909f56bfc062723c751e8b465ee728b)  -> (artifact id: '42f3184692a84335a2488a72cde83d03') in 0,010396 seconds 
========================================================================
Received Import Request.
  Time since last request: 0,000010 seconds.
  path: Assets/PolygonDog/Models/Props/SM_Prop_Toy_Duck_01.fbx
  artifactKey: Guid(7cc01f93154ad2b408f7d7b0fc30747f) Importer(815301076,1909f56bfc062723c751e8b465ee728b)
Start importing Assets/PolygonDog/Models/Props/SM_Prop_Toy_Duck_01.fbx using Guid(7cc01f93154ad2b408f7d7b0fc30747f) Importer(815301076,1909f56bfc062723c751e8b465ee728b)  -> (artifact id: '07d9456572e7f59832beb081e9e09edd') in 0,009718 seconds 
========================================================================
Received Import Request.
  Time since last request: 0,000012 seconds.
  path: Assets/PolygonDog/Models/Props/SM_Prop_Can_Open_02.fbx
  artifactKey: Guid(43909745a06126b45ae09afcc59ac2df) Importer(815301076,1909f56bfc062723c751e8b465ee728b)
Start importing Assets/PolygonDog/Models/Props/SM_Prop_Can_Open_02.fbx using Guid(43909745a06126b45ae09afcc59ac2df) Importer(815301076,1909f56bfc062723c751e8b465ee728b)  -> (artifact id: '400cbc63648b1cae65094e3b3de5e1cd') in 0,009099 seconds 
========================================================================
Received Import Request.
  Time since last request: 0,000015 seconds.
  path: Assets/PolygonDog/Models/Props/SM_Prop_Bowl_Water_01.fbx
  artifactKey: Guid(ee1e7257764db7f469ca9bdc4dd3e214) Importer(815301076,1909f56bfc062723c751e8b465ee728b)
Start importing Assets/PolygonDog/Models/Props/SM_Prop_Bowl_Water_01.fbx using Guid(ee1e7257764db7f469ca9bdc4dd3e214) Importer(815301076,1909f56bfc062723c751e8b465ee728b)  -> (artifact id: '7e8e5960d5cd77f8c4181f59b87ec52a') in 0,008142 seconds 
========================================================================
Received Import Request.
  Time since last request: 0,000010 seconds.
  path: Assets/PolygonDog/Models/Props/SM_Prop_Disc_Yellow_01_Convex.asset
  artifactKey: Guid(d4fd1c6703011ae4192e309b3d666215) Importer(815301076,1909f56bfc062723c751e8b465ee728b)
Start importing Assets/PolygonDog/Models/Props/SM_Prop_Disc_Yellow_01_Convex.asset using Guid(d4fd1c6703011ae4192e309b3d666215) Importer(815301076,1909f56bfc062723c751e8b465ee728b)  -> (artifact id: '37cec86431376c3331dea79cd9d5bee9') in 0,005121 seconds 
========================================================================
Received Import Request.
  Time since last request: 0,000010 seconds.
  path: Assets/PolygonDog/Models/Props/SM_Prop_Bowl_Green_01.fbx
  artifactKey: Guid(cc4117f3b2639714ea496119f75646a3) Importer(815301076,1909f56bfc062723c751e8b465ee728b)
Start importing Assets/PolygonDog/Models/Props/SM_Prop_Bowl_Green_01.fbx using Guid(cc4117f3b2639714ea496119f75646a3) Importer(815301076,1909f56bfc062723c751e8b465ee728b)  -> (artifact id: '0de08dcdc61cd458ca9fac71c9ec3efd') in 0,008943 seconds 
========================================================================
Received Import Request.
  Time since last request: 0,000009 seconds.
  path: Assets/PolygonDog/Models/Props/SM_Prop_Toy_Chicken_01_Convex.asset
  artifactKey: Guid(7062175ae8b189947b19acba910674e0) Importer(815301076,1909f56bfc062723c751e8b465ee728b)
Start importing Assets/PolygonDog/Models/Props/SM_Prop_Toy_Chicken_01_Convex.asset using Guid(7062175ae8b189947b19acba910674e0) Importer(815301076,1909f56bfc062723c751e8b465ee728b)  -> (artifact id: 'd603b8b4aa03c1ce353c477f2af427fa') in 0,002909 seconds 
========================================================================
Received Import Request.
  Time since last request: 0,000007 seconds.
  path: Assets/PolygonDog/Models/Props/SM_Prop_Toy_RubberBone_01_Convex.asset
  artifactKey: Guid(500a61cbabf54d54ea0e8dc326aa570a) Importer(815301076,1909f56bfc062723c751e8b465ee728b)
Start importing Assets/PolygonDog/Models/Props/SM_Prop_Toy_RubberBone_01_Convex.asset using Guid(500a61cbabf54d54ea0e8dc326aa570a) Importer(815301076,1909f56bfc062723c751e8b465ee728b)  -> (artifact id: '2fac664275f130d013acb4737c75b5ad') in 0,003449 seconds 
========================================================================
Received Import Request.
  Time since last request: 0,000008 seconds.
  path: Assets/PolygonDog/Models/Props/SM_Prop_House_01_Convex.asset
  artifactKey: Guid(b48eae667e1cb794282878be27b1a68a) Importer(815301076,1909f56bfc062723c751e8b465ee728b)
Start importing Assets/PolygonDog/Models/Props/SM_Prop_House_01_Convex.asset using Guid(b48eae667e1cb794282878be27b1a68a) Importer(815301076,1909f56bfc062723c751e8b465ee728b)  -> (artifact id: 'b758257e27c563024e26e7472b43d00f') in 0,002987 seconds 
========================================================================
Received Import Request.
  Time since last request: 0,000009 seconds.
  path: Assets/PolygonDog/Models/Props/SM_Prop_Bowl_Red_01.fbx
  artifactKey: Guid(58b3b1ed6639d27439c75e6ff4b33a95) Importer(815301076,1909f56bfc062723c751e8b465ee728b)
Start importing Assets/PolygonDog/Models/Props/SM_Prop_Bowl_Red_01.fbx using Guid(58b3b1ed6639d27439c75e6ff4b33a95) Importer(815301076,1909f56bfc062723c751e8b465ee728b)  -> (artifact id: '018fc64a24fb10ad94f4e354f784a5e3') in 0,010013 seconds 
========================================================================
Received Import Request.
  Time since last request: 0,000012 seconds.
  path: Assets/PolygonDog/Models/Props/SM_Prop_Obstacle_SeeSaw_01_Convex 1.asset
  artifactKey: Guid(30024747428d52d4eb1f41a74dcb4db1) Importer(815301076,1909f56bfc062723c751e8b465ee728b)
Start importing Assets/PolygonDog/Models/Props/SM_Prop_Obstacle_SeeSaw_01_Convex 1.asset using Guid(30024747428d52d4eb1f41a74dcb4db1) Importer(815301076,1909f56bfc062723c751e8b465ee728b)  -> (artifact id: '07fdc2e8fdca6838645d8865f9ab3368') in 0,003293 seconds 
========================================================================
Received Import Request.
  Time since last request: 0,000009 seconds.
  path: Assets/PolygonDog/Models/Props/SM_Prop_Roll_01.fbx
  artifactKey: Guid(08daec8d9f907604993f0d3c86f17ae3) Importer(815301076,1909f56bfc062723c751e8b465ee728b)
Start importing Assets/PolygonDog/Models/Props/SM_Prop_Roll_01.fbx using Guid(08daec8d9f907604993f0d3c86f17ae3) Importer(815301076,1909f56bfc062723c751e8b465ee728b)  -> (artifact id: '9bc84c00a1449cc69700b26b86df9bfe') in 0,012752 seconds 
========================================================================
Received Import Request.
  Time since last request: 0,000017 seconds.
  path: Assets/PolygonDog/Models/Props/SM_Prop_Stick_01_Convex.asset
  artifactKey: Guid(db4354d9e6f3c0e4fbdd47ca6f1c5083) Importer(815301076,1909f56bfc062723c751e8b465ee728b)
Start importing Assets/PolygonDog/Models/Props/SM_Prop_Stick_01_Convex.asset using Guid(db4354d9e6f3c0e4fbdd47ca6f1c5083) Importer(815301076,1909f56bfc062723c751e8b465ee728b)  -> (artifact id: '0335f440b1fdfaa0aca0a3f6eb0fe125') in 0,003185 seconds 
========================================================================
Received Import Request.
  Time since last request: 0,000008 seconds.
  path: Assets/PolygonDog/Models/Props/SM_Prop_Toy_Duck_01_Convex.asset
  artifactKey: Guid(cd8c884db96d90a42a3eecd0081bacba) Importer(815301076,1909f56bfc062723c751e8b465ee728b)
Start importing Assets/PolygonDog/Models/Props/SM_Prop_Toy_Duck_01_Convex.asset using Guid(cd8c884db96d90a42a3eecd0081bacba) Importer(815301076,1909f56bfc062723c751e8b465ee728b)  -> (artifact id: '4ffeed1bd13ffde6ab25af5e1c426573') in 0,003953 seconds 
========================================================================
Received Import Request.
  Time since last request: 0,000008 seconds.
  path: Assets/PolygonDog/Models/Props/SM_Prop_Bowl_Food_01.fbx
  artifactKey: Guid(f7e133f6dda854848b8e2909b02ec803) Importer(815301076,1909f56bfc062723c751e8b465ee728b)
Start importing Assets/PolygonDog/Models/Props/SM_Prop_Bowl_Food_01.fbx using Guid(f7e133f6dda854848b8e2909b02ec803) Importer(815301076,1909f56bfc062723c751e8b465ee728b)  -> (artifact id: '09ac27aebbf3492b700d9c5d44e8ee2b') in 0,010039 seconds 
========================================================================
Received Import Request.
  Time since last request: 0,000010 seconds.
  path: Assets/PolygonDog/Models/Props/SM_Prop_Brush_Round_01_Convex.asset
  artifactKey: Guid(0c4945e7e4f081d4ab2dfe196fba6c69) Importer(815301076,1909f56bfc062723c751e8b465ee728b)
Start importing Assets/PolygonDog/Models/Props/SM_Prop_Brush_Round_01_Convex.asset using Guid(0c4945e7e4f081d4ab2dfe196fba6c69) Importer(815301076,1909f56bfc062723c751e8b465ee728b)  -> (artifact id: '707d30bc1438b124613bf7f67c615ebe') in 0,003178 seconds 
========================================================================
Received Import Request.
  Time since last request: 0,000008 seconds.
  path: Assets/PolygonDog/Models/Props/SM_Prop_Bowl_Blue_01.fbx
  artifactKey: Guid(847d70c30682cce46a4bf925a0024b9f) Importer(815301076,1909f56bfc062723c751e8b465ee728b)
Start importing Assets/PolygonDog/Models/Props/SM_Prop_Bowl_Blue_01.fbx using Guid(847d70c30682cce46a4bf925a0024b9f) Importer(815301076,1909f56bfc062723c751e8b465ee728b)  -> (artifact id: 'ecde9a51d25fd571508224fd73578b2c') in 0,008365 seconds 
========================================================================
Received Import Request.
  Time since last request: 0,000009 seconds.
  path: Assets/PolygonDog/Models/Props/SM_Prop_Obstacle_SeeSaw_01_Convex.asset
  artifactKey: Guid(72b7a1f7c2ba61c408464bfddbd2e520) Importer(815301076,1909f56bfc062723c751e8b465ee728b)
Start importing Assets/PolygonDog/Models/Props/SM_Prop_Obstacle_SeeSaw_01_Convex.asset using Guid(72b7a1f7c2ba61c408464bfddbd2e520) Importer(815301076,1909f56bfc062723c751e8b465ee728b)  -> (artifact id: '67dff45eafe525efc9bc07da8882b7b8') in 0,002855 seconds 
========================================================================
Received Import Request.
  Time since last request: 0,000008 seconds.
  path: Assets/PolygonDog/Models/Props/SM_Prop_Tag_Heart_01.fbx
  artifactKey: Guid(a7cf6adc9673f3144bd0e8eb503b6ab2) Importer(815301076,1909f56bfc062723c751e8b465ee728b)
Start importing Assets/PolygonDog/Models/Props/SM_Prop_Tag_Heart_01.fbx using Guid(a7cf6adc9673f3144bd0e8eb503b6ab2) Importer(815301076,1909f56bfc062723c751e8b465ee728b)  -> (artifact id: '2b12e256dedfb96088c3272219becf5c') in 0,007637 seconds 
========================================================================
Received Import Request.
  Time since last request: 0,000009 seconds.
  path: Assets/PolygonDog/Models/Props/SM_Prop_Brush_Round_01.fbx
  artifactKey: Guid(c84670317421308429cd4351415390e0) Importer(815301076,1909f56bfc062723c751e8b465ee728b)
Start importing Assets/PolygonDog/Models/Props/SM_Prop_Brush_Round_01.fbx using Guid(c84670317421308429cd4351415390e0) Importer(815301076,1909f56bfc062723c751e8b465ee728b)  -> (artifact id: '28dfe4446a375fb19b69ee32d96553ed') in 0,008493 seconds 
========================================================================
Received Import Request.
  Time since last request: 0,000010 seconds.
  path: Assets/PolygonDog/Models/Props/SM_Prop_Toy_RubberBone_01.fbx
  artifactKey: Guid(164a2f1053dc7f34ba7fd453906cdb20) Importer(815301076,1909f56bfc062723c751e8b465ee728b)
Start importing Assets/PolygonDog/Models/Props/SM_Prop_Toy_RubberBone_01.fbx using Guid(164a2f1053dc7f34ba7fd453906cdb20) Importer(815301076,1909f56bfc062723c751e8b465ee728b)  -> (artifact id: 'af635d35f4868479928cd843585f090a') in 0,010066 seconds 
========================================================================
Received Import Request.
  Time since last request: 0,000010 seconds.
  path: Assets/PolygonDog/Models/Props/SM_Prop_Obstacle_Pole_Single_01.fbx
  artifactKey: Guid(6dc7eccfb6365eb4c8afee6a171bc121) Importer(815301076,1909f56bfc062723c751e8b465ee728b)
Start importing Assets/PolygonDog/Models/Props/SM_Prop_Obstacle_Pole_Single_01.fbx using Guid(6dc7eccfb6365eb4c8afee6a171bc121) Importer(815301076,1909f56bfc062723c751e8b465ee728b)  -> (artifact id: 'a4e4de85c37b422bfd494f4778b40e55') in 0,008156 seconds 
========================================================================
Received Import Request.
  Time since last request: 0,000010 seconds.
  path: Assets/PolygonDog/Models/Props/SM_Prop_Basket_01_Convex.asset
  artifactKey: Guid(cdd0c6d63e0cb404dbbf9169dcc37d1a) Importer(815301076,1909f56bfc062723c751e8b465ee728b)
Start importing Assets/PolygonDog/Models/Props/SM_Prop_Basket_01_Convex.asset using Guid(cdd0c6d63e0cb404dbbf9169dcc37d1a) Importer(815301076,1909f56bfc062723c751e8b465ee728b)  -> (artifact id: 'fd890bfbbc8cd8bd651737d9b5ce8d5a') in 0,004566 seconds 
========================================================================
Received Import Request.
  Time since last request: 0,000008 seconds.
  path: Assets/PolygonDog/Models/Props/SM_Prop_Basket_01.fbx
  artifactKey: Guid(aba3b1c0ad221f544b75957909af3127) Importer(815301076,1909f56bfc062723c751e8b465ee728b)
Start importing Assets/PolygonDog/Models/Props/SM_Prop_Basket_01.fbx using Guid(aba3b1c0ad221f544b75957909af3127) Importer(815301076,1909f56bfc062723c751e8b465ee728b)  -> (artifact id: '20f108db212713982303901ddbb2b1f5') in 0,007783 seconds 
========================================================================
Received Import Request.
  Time since last request: 0,000012 seconds.
  path: Assets/PolygonDog/Models/Props/SM_Prop_Obstacle_Jump_01_Convex.asset
  artifactKey: Guid(e4a64cc8e82c89d489cb524c198d5c0e) Importer(815301076,1909f56bfc062723c751e8b465ee728b)
Start importing Assets/PolygonDog/Models/Props/SM_Prop_Obstacle_Jump_01_Convex.asset using Guid(e4a64cc8e82c89d489cb524c198d5c0e) Importer(815301076,1909f56bfc062723c751e8b465ee728b)  -> (artifact id: '40af1e134984309154ef0356118ab3d4') in 0,003992 seconds 
========================================================================
Received Import Request.
  Time since last request: 0,000014 seconds.
  path: Assets/PolygonDog/Models/Props/SM_Prop_Can_Open_02_Convex.asset
  artifactKey: Guid(9775890c69fcc63458607159f692ab91) Importer(815301076,1909f56bfc062723c751e8b465ee728b)
Start importing Assets/PolygonDog/Models/Props/SM_Prop_Can_Open_02_Convex.asset using Guid(9775890c69fcc63458607159f692ab91) Importer(815301076,1909f56bfc062723c751e8b465ee728b)  -> (artifact id: '43c49e1fe9bea5d0a14d95793899fc94') in 0,002926 seconds 
========================================================================
Received Import Request.
  Time since last request: 0,000008 seconds.
  path: Assets/PolygonDog/Models/Props/SM_Prop_Carrier_01_Convex.asset
  artifactKey: Guid(65860b9a045c6c6439ee973d3ae317f2) Importer(815301076,1909f56bfc062723c751e8b465ee728b)
Start importing Assets/PolygonDog/Models/Props/SM_Prop_Carrier_01_Convex.asset using Guid(65860b9a045c6c6439ee973d3ae317f2) Importer(815301076,1909f56bfc062723c751e8b465ee728b)  -> (artifact id: '6bcdd9580116b4ccbdd728af9891c51d') in 0,003006 seconds 
========================================================================
Received Import Request.
  Time since last request: 0,000007 seconds.
  path: Assets/PolygonDog/Models/Props/SM_Prop_Obstacle_TubeJump_01_Convex.asset
  artifactKey: Guid(3a329846c4c7e4e43809767de50196e6) Importer(815301076,1909f56bfc062723c751e8b465ee728b)
Start importing Assets/PolygonDog/Models/Props/SM_Prop_Obstacle_TubeJump_01_Convex.asset using Guid(3a329846c4c7e4e43809767de50196e6) Importer(815301076,1909f56bfc062723c751e8b465ee728b)  -> (artifact id: '75f1732cec055e253d4df3a9d9e56b6d') in 0,003117 seconds 
========================================================================
Received Import Request.
  Time since last request: 0,000008 seconds.
  path: Assets/PolygonDog/Models/Props/SM_Prop_Bowl_Food_01_Convex.asset
  artifactKey: Guid(cc5e481e1e333c844b5771c84d960927) Importer(815301076,1909f56bfc062723c751e8b465ee728b)
Start importing Assets/PolygonDog/Models/Props/SM_Prop_Bowl_Food_01_Convex.asset using Guid(cc5e481e1e333c844b5771c84d960927) Importer(815301076,1909f56bfc062723c751e8b465ee728b)  -> (artifact id: '4e499d041136b65c9a619dc68bc28aab') in 0,002856 seconds 
========================================================================
Received Import Request.
  Time since last request: 0,000007 seconds.
  path: Assets/PolygonDog/Models/Props/SM_Prop_Tag_Bone_01_Convex.asset
  artifactKey: Guid(d9d44c3dc74fc7d43a8129a4e212946c) Importer(815301076,1909f56bfc062723c751e8b465ee728b)
Start importing Assets/PolygonDog/Models/Props/SM_Prop_Tag_Bone_01_Convex.asset using Guid(d9d44c3dc74fc7d43a8129a4e212946c) Importer(815301076,1909f56bfc062723c751e8b465ee728b)  -> (artifact id: '960220faf2ddfc047cf86e0adde62809') in 0,002563 seconds 
========================================================================
Received Import Request.
  Time since last request: 0,000006 seconds.
  path: Assets/PolygonDog/Models/Props/SM_Prop_Carrier_01.fbx
  artifactKey: Guid(6c61d241cb24a1b409d598b3b9f1d523) Importer(815301076,1909f56bfc062723c751e8b465ee728b)
Start importing Assets/PolygonDog/Models/Props/SM_Prop_Carrier_01.fbx using Guid(6c61d241cb24a1b409d598b3b9f1d523) Importer(815301076,1909f56bfc062723c751e8b465ee728b)  -> (artifact id: '0720b42c02372d64f13e837ee2c630a0') in 0,015600 seconds 
========================================================================
Received Import Request.
  Time since last request: 0,000011 seconds.
  path: Assets/PolygonDog/Models/Props/SM_Prop_Ball_03.fbx
  artifactKey: Guid(b2e0402e5bb7f3f48a2c575ca6a56495) Importer(815301076,1909f56bfc062723c751e8b465ee728b)
Start importing Assets/PolygonDog/Models/Props/SM_Prop_Ball_03.fbx using Guid(b2e0402e5bb7f3f48a2c575ca6a56495) Importer(815301076,1909f56bfc062723c751e8b465ee728b)  -> (artifact id: '5e4d15acb2c37379cbbf18505a65f494') in 0,009574 seconds 
========================================================================
Received Import Request.
  Time since last request: 0,000009 seconds.
  path: Assets/PolygonDog/Models/Props/SM_Prop_Obstacle_Ramp_01_Convex 1.asset
  artifactKey: Guid(133168403ba41d74eb92730adf1c816e) Importer(815301076,1909f56bfc062723c751e8b465ee728b)
Start importing Assets/PolygonDog/Models/Props/SM_Prop_Obstacle_Ramp_01_Convex 1.asset using Guid(133168403ba41d74eb92730adf1c816e) Importer(815301076,1909f56bfc062723c751e8b465ee728b)  -> (artifact id: '8bd335166b3fb987856d6ee32b059c48') in 0,015643 seconds 
========================================================================
Received Import Request.
  Time since last request: 0,000022 seconds.
  path: Assets/PolygonDog/Models/Props/SM_Prop_Obstacle_Poles_01.fbx
  artifactKey: Guid(7194f2f742c96ac45a25ab08f28c4b3a) Importer(815301076,1909f56bfc062723c751e8b465ee728b)
Start importing Assets/PolygonDog/Models/Props/SM_Prop_Obstacle_Poles_01.fbx using Guid(7194f2f742c96ac45a25ab08f28c4b3a) Importer(815301076,1909f56bfc062723c751e8b465ee728b)  -> (artifact id: '2ddb4f2b64ae38951f164aac8a2991b9') in 0,012026 seconds 
========================================================================
Received Import Request.
  Time since last request: 0,000013 seconds.
  path: Assets/PolygonDog/Models/Props/SM_Prop_Poop_01.fbx
  artifactKey: Guid(6ddc597c3ddce47419934d569daf73d6) Importer(815301076,1909f56bfc062723c751e8b465ee728b)
Start importing Assets/PolygonDog/Models/Props/SM_Prop_Poop_01.fbx using Guid(6ddc597c3ddce47419934d569daf73d6) Importer(815301076,1909f56bfc062723c751e8b465ee728b)  -> (artifact id: 'e081ec7801150cb3441ccfd87ec27a92') in 0,010817 seconds 
========================================================================
Received Import Request.
  Time since last request: 0,000010 seconds.
  path: Assets/PolygonDog/Models/Props/SM_Prop_Toy_Chicken_01.fbx
  artifactKey: Guid(1c6dbac86a7db2844bde49f63b1df1e8) Importer(815301076,1909f56bfc062723c751e8b465ee728b)
Start importing Assets/PolygonDog/Models/Props/SM_Prop_Toy_Chicken_01.fbx using Guid(1c6dbac86a7db2844bde49f63b1df1e8) Importer(815301076,1909f56bfc062723c751e8b465ee728b)  -> (artifact id: 'b13c4d212820dc0f61777ef33450f714') in 0,007494 seconds 
========================================================================
Received Import Request.
  Time since last request: 0,000008 seconds.
  path: Assets/PolygonDog/Models/Props/SM_Prop_Scissors_01_Convex.asset
  artifactKey: Guid(6678c60a2538cb446887e60899f17539) Importer(815301076,1909f56bfc062723c751e8b465ee728b)
Start importing Assets/PolygonDog/Models/Props/SM_Prop_Scissors_01_Convex.asset using Guid(6678c60a2538cb446887e60899f17539) Importer(815301076,1909f56bfc062723c751e8b465ee728b)  -> (artifact id: '4619d040cbe131b6edd721d60d357674') in 0,004087 seconds 
========================================================================
Received Import Request.
  Time since last request: 0,000009 seconds.
  path: Assets/PolygonDog/Models/Props/SM_Prop_Stick_01.fbx
  artifactKey: Guid(ea27a49b916b41242a3d254b038db401) Importer(815301076,1909f56bfc062723c751e8b465ee728b)
Start importing Assets/PolygonDog/Models/Props/SM_Prop_Stick_01.fbx using Guid(ea27a49b916b41242a3d254b038db401) Importer(815301076,1909f56bfc062723c751e8b465ee728b)  -> (artifact id: '87ca60842338d2b6a22f4890d78c39a5') in 0,007903 seconds 
========================================================================
Received Import Request.
  Time since last request: 0,000010 seconds.
  path: Assets/PolygonDog/Models/Props/SM_Prop_Steak_01.fbx
  artifactKey: Guid(1b44384680e85354eb765cb6230f060b) Importer(815301076,1909f56bfc062723c751e8b465ee728b)
Start importing Assets/PolygonDog/Models/Props/SM_Prop_Steak_01.fbx using Guid(1b44384680e85354eb765cb6230f060b) Importer(815301076,1909f56bfc062723c751e8b465ee728b)  -> (artifact id: 'f5b3d47d07b9a7998e5bb10416b7c492') in 0,010037 seconds 
========================================================================
Received Import Request.
  Time since last request: 0,000010 seconds.
  path: Assets/PolygonDog/Models/Props/SM_Prop_Disc_Red_01.fbx
  artifactKey: Guid(e25f99b139386d74cb27065878619944) Importer(815301076,1909f56bfc062723c751e8b465ee728b)
Start importing Assets/PolygonDog/Models/Props/SM_Prop_Disc_Red_01.fbx using Guid(e25f99b139386d74cb27065878619944) Importer(815301076,1909f56bfc062723c751e8b465ee728b)  -> (artifact id: '8059546f201e7b8709963b4797e56705') in 0,009654 seconds 
========================================================================
Received Import Request.
  Time since last request: 0,000011 seconds.
  path: Assets/PolygonDog/Models/Props/SM_Prop_Bowl_Water_01_Convex.asset
  artifactKey: Guid(cf474b050c43ce34d9de10982479918b) Importer(815301076,1909f56bfc062723c751e8b465ee728b)
Start importing Assets/PolygonDog/Models/Props/SM_Prop_Bowl_Water_01_Convex.asset using Guid(cf474b050c43ce34d9de10982479918b) Importer(815301076,1909f56bfc062723c751e8b465ee728b)  -> (artifact id: 'ef6e5a32d1a873db1df18e0395feeaad') in 0,002942 seconds 
========================================================================
Received Import Request.
  Time since last request: 0,000013 seconds.
  path: Assets/PolygonDog/Models/Props/SM_Prop_Ball_01.fbx
  artifactKey: Guid(9f2fa0a15a797ae49b942dc16e5b1861) Importer(815301076,1909f56bfc062723c751e8b465ee728b)
Start importing Assets/PolygonDog/Models/Props/SM_Prop_Ball_01.fbx using Guid(9f2fa0a15a797ae49b942dc16e5b1861) Importer(815301076,1909f56bfc062723c751e8b465ee728b)  -> (artifact id: '853ac48185f564692e7dcfe14f257dc9') in 0,009639 seconds 
========================================================================
Received Import Request.
  Time since last request: 0,000011 seconds.
  path: Assets/PolygonDog/Models/Props/SM_Prop_Ball_Thrower_01_Convex.asset
  artifactKey: Guid(a5079f7cf2450d242b876382173708a7) Importer(815301076,1909f56bfc062723c751e8b465ee728b)
Start importing Assets/PolygonDog/Models/Props/SM_Prop_Ball_Thrower_01_Convex.asset using Guid(a5079f7cf2450d242b876382173708a7) Importer(815301076,1909f56bfc062723c751e8b465ee728b)  -> (artifact id: '7b142421a63304f2574bf90607978363') in 0,003111 seconds 
========================================================================
Received Import Request.
  Time since last request: 0,000007 seconds.
  path: Assets/PolygonDog/Models/Props/SM_Prop_Obstacle_Ramp_01.fbx
  artifactKey: Guid(228a228a9de86984090ba36684b9f2e2) Importer(815301076,1909f56bfc062723c751e8b465ee728b)
Start importing Assets/PolygonDog/Models/Props/SM_Prop_Obstacle_Ramp_01.fbx using Guid(228a228a9de86984090ba36684b9f2e2) Importer(815301076,1909f56bfc062723c751e8b465ee728b)  -> (artifact id: '2e3fa8c3a536aec815b75890eaedcf08') in 0,008810 seconds 
========================================================================
Received Import Request.
  Time since last request: 0,000018 seconds.
  path: Assets/PolygonDog/Models/Props/SM_Prop_FoodBag_01.fbx
  artifactKey: Guid(82ab85842f3355b45b0ef1a28743c4fc) Importer(815301076,1909f56bfc062723c751e8b465ee728b)
Start importing Assets/PolygonDog/Models/Props/SM_Prop_FoodBag_01.fbx using Guid(82ab85842f3355b45b0ef1a28743c4fc) Importer(815301076,1909f56bfc062723c751e8b465ee728b)  -> (artifact id: '70d7a62ddb5588b5f36f28c2a99ebb11') in 0,010103 seconds 
========================================================================
Received Import Request.
  Time since last request: 0,000016 seconds.
  path: Assets/PolygonDog/Models/Props/SM_Prop_DoggieBag_01_Convex.asset
  artifactKey: Guid(b5275624939e8d14fba749c9d9b37be4) Importer(815301076,1909f56bfc062723c751e8b465ee728b)
Start importing Assets/PolygonDog/Models/Props/SM_Prop_DoggieBag_01_Convex.asset using Guid(b5275624939e8d14fba749c9d9b37be4) Importer(815301076,1909f56bfc062723c751e8b465ee728b)  -> (artifact id: '373562efb7412ad28febbe52fd83cc6a') in 0,002775 seconds 
========================================================================
Received Import Request.
  Time since last request: 0,000007 seconds.
  path: Assets/PolygonDog/Models/Props/SM_Prop_Obstacle_Ramp_01_Convex.asset
  artifactKey: Guid(8cb6c6b3064d1ac4fab41a92a37c4df7) Importer(815301076,1909f56bfc062723c751e8b465ee728b)
Start importing Assets/PolygonDog/Models/Props/SM_Prop_Obstacle_Ramp_01_Convex.asset using Guid(8cb6c6b3064d1ac4fab41a92a37c4df7) Importer(815301076,1909f56bfc062723c751e8b465ee728b)  -> (artifact id: '865e9fec148b0d3c9118004578ca6452') in 0,002808 seconds 
========================================================================
Received Import Request.
  Time since last request: 0,000006 seconds.
  path: Assets/PolygonDog/Models/Props/SM_Prop_Disc_Red_01_Convex.asset
  artifactKey: Guid(8275a51018bcece4fa30813325adbc20) Importer(815301076,1909f56bfc062723c751e8b465ee728b)
Start importing Assets/PolygonDog/Models/Props/SM_Prop_Disc_Red_01_Convex.asset using Guid(8275a51018bcece4fa30813325adbc20) Importer(815301076,1909f56bfc062723c751e8b465ee728b)  -> (artifact id: 'a09ad26944014efaef1341a0b6467441') in 0,003150 seconds 
========================================================================
Received Import Request.
  Time since last request: 0,000007 seconds.
  path: Assets/PolygonDog/Models/Props/SM_Prop_Bowl_Metal_01.fbx
  artifactKey: Guid(f9f3cf4d8fbf5124aae62c5b703d85fa) Importer(815301076,1909f56bfc062723c751e8b465ee728b)
Start importing Assets/PolygonDog/Models/Props/SM_Prop_Bowl_Metal_01.fbx using Guid(f9f3cf4d8fbf5124aae62c5b703d85fa) Importer(815301076,1909f56bfc062723c751e8b465ee728b)  -> (artifact id: '9b8a6a71421b49cd16826fa20a6cd3e6') in 0,008352 seconds 
========================================================================
Received Import Request.
  Time since last request: 0,000009 seconds.
  path: Assets/PolygonDog/Models/Props
  artifactKey: Guid(e27d70b9eae525148aa1b8466d55df99) Importer(815301076,1909f56bfc062723c751e8b465ee728b)
Start importing Assets/PolygonDog/Models/Props using Guid(e27d70b9eae525148aa1b8466d55df99) Importer(815301076,1909f56bfc062723c751e8b465ee728b)  -> (artifact id: '2f314d35b3a0c5960753d4efccdc0f35') in 0,000290 seconds 
========================================================================
Received Import Request.
  Time since last request: 0,000007 seconds.
  path: Assets/PolygonDog/Models/Props/SM_Prop_Ball_03_Convex.asset
  artifactKey: Guid(beac7f62bbe3463438d1c31459e2b3ee) Importer(815301076,1909f56bfc062723c751e8b465ee728b)
Start importing Assets/PolygonDog/Models/Props/SM_Prop_Ball_03_Convex.asset using Guid(beac7f62bbe3463438d1c31459e2b3ee) Importer(815301076,1909f56bfc062723c751e8b465ee728b)  -> (artifact id: '740cdf8d3d548a5e3559ce9334a16672') in 0,003949 seconds 
========================================================================
Received Import Request.
  Time since last request: 0,000007 seconds.
  path: Assets/PolygonDog/Models/Props/SM_Prop_Obstacle_Pole_Single_01_Convex.asset
  artifactKey: Guid(1091b22c39fe310468423929a0e5bf81) Importer(815301076,1909f56bfc062723c751e8b465ee728b)
Start importing Assets/PolygonDog/Models/Props/SM_Prop_Obstacle_Pole_Single_01_Convex.asset using Guid(1091b22c39fe310468423929a0e5bf81) Importer(815301076,1909f56bfc062723c751e8b465ee728b)  -> (artifact id: '13434f17cb96e495528fb9ef65394715') in 0,002962 seconds 
========================================================================
Received Import Request.
  Time since last request: 0,000008 seconds.
  path: Assets/PolygonDog/Models/Props/SM_Prop_Roll_Half_01_Convex.asset
  artifactKey: Guid(b4671fb877ebc0d418ab266060d4904a) Importer(815301076,1909f56bfc062723c751e8b465ee728b)
Start importing Assets/PolygonDog/Models/Props/SM_Prop_Roll_Half_01_Convex.asset using Guid(b4671fb877ebc0d418ab266060d4904a) Importer(815301076,1909f56bfc062723c751e8b465ee728b)  -> (artifact id: 'a14fe3a5f0767ec4c1878e64fd9726f0') in 0,003928 seconds 
========================================================================
Received Import Request.
  Time since last request: 0,000008 seconds.
  path: Assets/PolygonDog/Models/Props/SM_Prop_Obstacle_SeeSaw_01_Convex 2.asset
  artifactKey: Guid(dbbfb3581212e7b43bf23101d0926348) Importer(815301076,1909f56bfc062723c751e8b465ee728b)
Start importing Assets/PolygonDog/Models/Props/SM_Prop_Obstacle_SeeSaw_01_Convex 2.asset using Guid(dbbfb3581212e7b43bf23101d0926348) Importer(815301076,1909f56bfc062723c751e8b465ee728b)  -> (artifact id: 'c2250d66cb8c0b280d01cda042d9cdac') in 0,003480 seconds 
========================================================================
Received Import Request.
  Time since last request: 0,000008 seconds.
  path: Assets/PolygonDog/Models/Props/SM_Prop_Bed_01_Convex.asset
  artifactKey: Guid(350d1758dbec73a468cdb13cfd97298e) Importer(815301076,1909f56bfc062723c751e8b465ee728b)
Start importing Assets/PolygonDog/Models/Props/SM_Prop_Bed_01_Convex.asset using Guid(350d1758dbec73a468cdb13cfd97298e) Importer(815301076,1909f56bfc062723c751e8b465ee728b)  -> (artifact id: '567cc90b6947f914e50c38cdde856439') in 0,006216 seconds 
========================================================================
Received Import Request.
  Time since last request: 0,000012 seconds.
  path: Assets/PolygonDog/Models/Props/SM_Prop_Tag_Bone_01.fbx
  artifactKey: Guid(3b52ba29ff965614bbedbf77309a3d93) Importer(815301076,1909f56bfc062723c751e8b465ee728b)
Start importing Assets/PolygonDog/Models/Props/SM_Prop_Tag_Bone_01.fbx using Guid(3b52ba29ff965614bbedbf77309a3d93) Importer(815301076,1909f56bfc062723c751e8b465ee728b)  -> (artifact id: 'aec3355a5d5af5404b12470aeb11c721') in 0,008109 seconds 
========================================================================
Received Import Request.
  Time since last request: 0,000010 seconds.
  path: Assets/PolygonDog/Models/Props/SM_Prop_Obstacle_Jump_01_Convex 2.asset
  artifactKey: Guid(9808f4612d772e44c847e07edb694485) Importer(815301076,1909f56bfc062723c751e8b465ee728b)
Start importing Assets/PolygonDog/Models/Props/SM_Prop_Obstacle_Jump_01_Convex 2.asset using Guid(9808f4612d772e44c847e07edb694485) Importer(815301076,1909f56bfc062723c751e8b465ee728b)  -> (artifact id: 'e69e425c8c847e7b9d315114582be785') in 0,009805 seconds 
========================================================================
Received Import Request.
  Time since last request: 0,000011 seconds.
  path: Assets/PolygonDog/Models/Props/SM_Prop_PoopLog_01.fbx
  artifactKey: Guid(f2e8e28bd36627d4498ef6ec0ec4ce86) Importer(815301076,1909f56bfc062723c751e8b465ee728b)
Start importing Assets/PolygonDog/Models/Props/SM_Prop_PoopLog_01.fbx using Guid(f2e8e28bd36627d4498ef6ec0ec4ce86) Importer(815301076,1909f56bfc062723c751e8b465ee728b)  -> (artifact id: '66b9c0c0d2dde00184417361f252c892') in 0,008309 seconds 
========================================================================
Received Import Request.
  Time since last request: 0,000011 seconds.
  path: Assets/PolygonDog/Models/Props/SM_Prop_Steak_01_Convex.asset
  artifactKey: Guid(be70fab6487442047a29d2be4ae05a2f) Importer(815301076,1909f56bfc062723c751e8b465ee728b)
Start importing Assets/PolygonDog/Models/Props/SM_Prop_Steak_01_Convex.asset using Guid(be70fab6487442047a29d2be4ae05a2f) Importer(815301076,1909f56bfc062723c751e8b465ee728b)  -> (artifact id: 'bdb8dc45831d2c638c32ac7cb7491f78') in 0,003585 seconds 
========================================================================
Received Import Request.
  Time since last request: 0,000008 seconds.
  path: Assets/PolygonDog/Models/Props/SM_Prop_Brush_Square_01_Convex.asset
  artifactKey: Guid(0742b09432951444b8c7eee28b71d955) Importer(815301076,1909f56bfc062723c751e8b465ee728b)
Start importing Assets/PolygonDog/Models/Props/SM_Prop_Brush_Square_01_Convex.asset using Guid(0742b09432951444b8c7eee28b71d955) Importer(815301076,1909f56bfc062723c751e8b465ee728b)  -> (artifact id: '360c70e851b0ed7f33e81bdd5b9cb9f7') in 0,002759 seconds 
========================================================================
Received Import Request.
  Time since last request: 0,000007 seconds.
  path: Assets/PolygonDog/Models/Props/SM_Prop_Obstacle_Poles_01_Convex.asset
  artifactKey: Guid(15d15ac0b92429c47b96071030b806b7) Importer(815301076,1909f56bfc062723c751e8b465ee728b)
Start importing Assets/PolygonDog/Models/Props/SM_Prop_Obstacle_Poles_01_Convex.asset using Guid(15d15ac0b92429c47b96071030b806b7) Importer(815301076,1909f56bfc062723c751e8b465ee728b)  -> (artifact id: 'eb2c3bf936dc1ecad6373ef23c2c365c') in 0,003545 seconds 
========================================================================
Received Import Request.
  Time since last request: 0,000007 seconds.
  path: Assets/PolygonDog/Models/Props/SM_Prop_Can_01_Convex.asset
  artifactKey: Guid(5c7438ee46b366441833343313da2a06) Importer(815301076,1909f56bfc062723c751e8b465ee728b)
Start importing Assets/PolygonDog/Models/Props/SM_Prop_Can_01_Convex.asset using Guid(5c7438ee46b366441833343313da2a06) Importer(815301076,1909f56bfc062723c751e8b465ee728b)  -> (artifact id: 'b81390157ad9e115ffbe4f1e6cf4301b') in 0,002767 seconds 
========================================================================
Received Import Request.
  Time since last request: 0,000007 seconds.
  path: Assets/PolygonDog/Models/Props/SM_Prop_Ball_02.fbx
  artifactKey: Guid(a0589814de2ab214fb34bf76583bf233) Importer(815301076,1909f56bfc062723c751e8b465ee728b)
Start importing Assets/PolygonDog/Models/Props/SM_Prop_Ball_02.fbx using Guid(a0589814de2ab214fb34bf76583bf233) Importer(815301076,1909f56bfc062723c751e8b465ee728b)  -> (artifact id: 'ab2783ccfd52b67b4bda2dd5cdcc92ee') in 0,008786 seconds 
========================================================================
Received Import Request.
  Time since last request: 0,000009 seconds.
  path: Assets/PolygonDog/Models/Props/SM_Prop_Can_Open_01.fbx
  artifactKey: Guid(e97b3f5aa230686438fe68ce95f3ee7d) Importer(815301076,1909f56bfc062723c751e8b465ee728b)
Start importing Assets/PolygonDog/Models/Props/SM_Prop_Can_Open_01.fbx using Guid(e97b3f5aa230686438fe68ce95f3ee7d) Importer(815301076,1909f56bfc062723c751e8b465ee728b)  -> (artifact id: '73bf3312c9cfce468bf4ddf5a2c784ac') in 0,008106 seconds 
========================================================================
Received Import Request.
  Time since last request: 0,000010 seconds.
  path: Assets/PolygonDog/Models/Props/SM_Prop_FoodBag_01_Convex.asset
  artifactKey: Guid(e86fde6a735cf4745945f8dc29b0a47d) Importer(815301076,1909f56bfc062723c751e8b465ee728b)
Start importing Assets/PolygonDog/Models/Props/SM_Prop_FoodBag_01_Convex.asset using Guid(e86fde6a735cf4745945f8dc29b0a47d) Importer(815301076,1909f56bfc062723c751e8b465ee728b)  -> (artifact id: '59f8ea92fc627a06b60574e2c0126489') in 0,004089 seconds 
========================================================================
Received Import Request.
  Time since last request: 0,000009 seconds.
  path: Assets/PolygonDog/Models/Props/SM_Prop_Poop_01_Convex.asset
  artifactKey: Guid(f04a4abdac8f80a49bde9a575c5845c7) Importer(815301076,1909f56bfc062723c751e8b465ee728b)
Start importing Assets/PolygonDog/Models/Props/SM_Prop_Poop_01_Convex.asset using Guid(f04a4abdac8f80a49bde9a575c5845c7) Importer(815301076,1909f56bfc062723c751e8b465ee728b)  -> (artifact id: '7933851a6ff678bb44acae219e70e512') in 0,002843 seconds 
========================================================================
Received Import Request.
  Time since last request: 0,000008 seconds.
  path: Assets/PolygonDog/Models/Unity_SK_Animals_Dog_01.fbx
  artifactKey: Guid(c09f8524a6a9dee4a9fb53005c279541) Importer(815301076,1909f56bfc062723c751e8b465ee728b)
Start importing Assets/PolygonDog/Models/Unity_SK_Animals_Dog_01.fbx using Guid(c09f8524a6a9dee4a9fb53005c279541) Importer(815301076,1909f56bfc062723c751e8b465ee728b)  -> (artifact id: 'edbe2a5040f912f442c493d7e45ca581') in 0,412425 seconds 
========================================================================
Received Import Request.
  Time since last request: 0,000015 seconds.
  path: Assets/PolygonDog/Models/Props/SM_Prop_Bowl_Red_01_Convex.asset
  artifactKey: Guid(85c61b6eb612a2c4a8f91611caf3a5a2) Importer(815301076,1909f56bfc062723c751e8b465ee728b)
Start importing Assets/PolygonDog/Models/Props/SM_Prop_Bowl_Red_01_Convex.asset using Guid(85c61b6eb612a2c4a8f91611caf3a5a2) Importer(815301076,1909f56bfc062723c751e8b465ee728b)  -> (artifact id: '49babc71b3cccf47d221d4c0e33f8f4e') in 0,003503 seconds 
========================================================================
Received Import Request.
  Time since last request: 0,000013 seconds.
  path: Assets/PolygonDog/Models/Props/SM_Prop_Tag_Circle_01.fbx
  artifactKey: Guid(c1b043e7e9f48e546a269794f82ff48a) Importer(815301076,1909f56bfc062723c751e8b465ee728b)
Start importing Assets/PolygonDog/Models/Props/SM_Prop_Tag_Circle_01.fbx using Guid(c1b043e7e9f48e546a269794f82ff48a) Importer(815301076,1909f56bfc062723c751e8b465ee728b)  -> (artifact id: '97dcb8b26bf236f8ad07ef1bcfe0cba6') in 0,009020 seconds 
========================================================================
Received Import Request.
  Time since last request: 0,000009 seconds.
  path: Assets/PolygonDog/Models/Props/SM_Prop_Ball_Thrower_01.fbx
  artifactKey: Guid(40527f4f3eff9cd44b3fe9a6858c6cbf) Importer(815301076,1909f56bfc062723c751e8b465ee728b)
Start importing Assets/PolygonDog/Models/Props/SM_Prop_Ball_Thrower_01.fbx using Guid(40527f4f3eff9cd44b3fe9a6858c6cbf) Importer(815301076,1909f56bfc062723c751e8b465ee728b)  -> (artifact id: '7c337e0595206b396de89ef951e33fef') in 0,008223 seconds 
========================================================================
Received Import Request.
  Time since last request: 0,000009 seconds.
  path: Assets/PolygonDog/Models/Props/SM_Prop_Bone_01_Convex.asset
  artifactKey: Guid(e555b0cb92a957f49a5b055fba4af38b) Importer(815301076,1909f56bfc062723c751e8b465ee728b)
Start importing Assets/PolygonDog/Models/Props/SM_Prop_Bone_01_Convex.asset using Guid(e555b0cb92a957f49a5b055fba4af38b) Importer(815301076,1909f56bfc062723c751e8b465ee728b)  -> (artifact id: '83ed13e2c1cc2f98ae3951f90b7af170') in 0,003082 seconds 
========================================================================
Received Import Request.
  Time since last request: 0,000009 seconds.
  path: Assets/PolygonDog/Models/Props/SM_Prop_Bowl_Blue_01_Convex.asset
  artifactKey: Guid(ebbd2fb7a20f45b46bf3c933922963a1) Importer(815301076,1909f56bfc062723c751e8b465ee728b)
Start importing Assets/PolygonDog/Models/Props/SM_Prop_Bowl_Blue_01_Convex.asset using Guid(ebbd2fb7a20f45b46bf3c933922963a1) Importer(815301076,1909f56bfc062723c751e8b465ee728b)  -> (artifact id: '8241d0f8e6147c5f3d9b931159cd722f') in 0,003087 seconds 
========================================================================
Received Import Request.
  Time since last request: 0,000008 seconds.
  path: Assets/PolygonDog/Models/Props/SM_Prop_Scissors_01.fbx
  artifactKey: Guid(38474f5042f18a346adc051e0d89c372) Importer(815301076,1909f56bfc062723c751e8b465ee728b)
Start importing Assets/PolygonDog/Models/Props/SM_Prop_Scissors_01.fbx using Guid(38474f5042f18a346adc051e0d89c372) Importer(815301076,1909f56bfc062723c751e8b465ee728b)  -> (artifact id: '7c4066eb044811a6bdd5b96af5f46c5e') in 0,014435 seconds 
========================================================================
Received Import Request.
  Time since last request: 0,000011 seconds.
  path: Assets/PolygonDog/Models/Props/SM_Prop_Obstacle_Jump_01_Convex 1.asset
  artifactKey: Guid(0fb7327d961cc3748aebc9fd982cb947) Importer(815301076,1909f56bfc062723c751e8b465ee728b)
Start importing Assets/PolygonDog/Models/Props/SM_Prop_Obstacle_Jump_01_Convex 1.asset using Guid(0fb7327d961cc3748aebc9fd982cb947) Importer(815301076,1909f56bfc062723c751e8b465ee728b)  -> (artifact id: 'bd3a153b734b42f204fe796df0bd2d2c') in 0,006668 seconds 
========================================================================
Received Import Request.
  Time since last request: 0,000010 seconds.
  path: Assets/PolygonDog/Models/Props/SM_Prop_Barrel_01.fbx
  artifactKey: Guid(115e90c1efa3ec64bb4da09bb521a7a3) Importer(815301076,1909f56bfc062723c751e8b465ee728b)
Start importing Assets/PolygonDog/Models/Props/SM_Prop_Barrel_01.fbx using Guid(115e90c1efa3ec64bb4da09bb521a7a3) Importer(815301076,1909f56bfc062723c751e8b465ee728b)  -> (artifact id: 'e99eeed8e4244b2abf30a503f26dadef') in 0,009582 seconds 
========================================================================
Received Import Request.
  Time since last request: 0,000010 seconds.
  path: Assets/PolygonDog/Models/Props/SM_Prop_Brush_Square_01.fbx
  artifactKey: Guid(5d7dc5551ae67e1418464bdb1d32d189) Importer(815301076,1909f56bfc062723c751e8b465ee728b)
Start importing Assets/PolygonDog/Models/Props/SM_Prop_Brush_Square_01.fbx using Guid(5d7dc5551ae67e1418464bdb1d32d189) Importer(815301076,1909f56bfc062723c751e8b465ee728b)  -> (artifact id: 'dc98ce974f399b3d8f4ed4603719e265') in 0,009339 seconds 
========================================================================
Received Import Request.
  Time since last request: 0,000010 seconds.
  path: Assets/PolygonDog/Models/Props/SM_Prop_Obstacle_SeeSaw_01.fbx
  artifactKey: Guid(91d88a289b2f1544980f7675f1d0c1b5) Importer(815301076,1909f56bfc062723c751e8b465ee728b)
Start importing Assets/PolygonDog/Models/Props/SM_Prop_Obstacle_SeeSaw_01.fbx using Guid(91d88a289b2f1544980f7675f1d0c1b5) Importer(815301076,1909f56bfc062723c751e8b465ee728b)  -> (artifact id: '67cef38674a9e1beb34ff5c50af8f688') in 0,023907 seconds 
========================================================================
Received Import Request.
  Time since last request: 0,000014 seconds.
  path: Assets/PolygonDog/Models
  artifactKey: Guid(35fd4e31853ab29458788820601c074d) Importer(815301076,1909f56bfc062723c751e8b465ee728b)
Start importing Assets/PolygonDog/Models using Guid(35fd4e31853ab29458788820601c074d) Importer(815301076,1909f56bfc062723c751e8b465ee728b)  -> (artifact id: 'bcbb7fb6f9bb4b0363afb43f78b32617') in 0,000366 seconds 
========================================================================
Received Import Request.
  Time since last request: 0,000010 seconds.
  path: Assets/PolygonDog/Models/Props/SM_Prop_Bed_01.fbx
  artifactKey: Guid(1328c535fa79e304ca4db30da6af7fbe) Importer(815301076,1909f56bfc062723c751e8b465ee728b)
Start importing Assets/PolygonDog/Models/Props/SM_Prop_Bed_01.fbx using Guid(1328c535fa79e304ca4db30da6af7fbe) Importer(815301076,1909f56bfc062723c751e8b465ee728b)  -> (artifact id: '358042a710ba156b6d99aabbd9810890') in 0,012645 seconds 
========================================================================
Received Import Request.
  Time since last request: 0,000010 seconds.
  path: Assets/PolygonDog/Models/Props/SM_Prop_PoopLog_01_Convex.asset
  artifactKey: Guid(18a7526d1481dc548823eae6b459570c) Importer(815301076,1909f56bfc062723c751e8b465ee728b)
Start importing Assets/PolygonDog/Models/Props/SM_Prop_PoopLog_01_Convex.asset using Guid(18a7526d1481dc548823eae6b459570c) Importer(815301076,1909f56bfc062723c751e8b465ee728b)  -> (artifact id: 'adb6b21e2e881aaf60b3601db8e8172b') in 0,003689 seconds 
========================================================================
Received Import Request.
  Time since last request: 0,000007 seconds.
  path: Assets/PolygonDog/Models/Props/SM_Prop_Obstacle_Jump_01.fbx
  artifactKey: Guid(312df2392049e9d4c9cc97c4a1b264f8) Importer(815301076,1909f56bfc062723c751e8b465ee728b)
Start importing Assets/PolygonDog/Models/Props/SM_Prop_Obstacle_Jump_01.fbx using Guid(312df2392049e9d4c9cc97c4a1b264f8) Importer(815301076,1909f56bfc062723c751e8b465ee728b)  -> (artifact id: '5e4b2c2bbb06ab3e3a1491fb004bcd87') in 0,013581 seconds 
========================================================================
Received Import Request.
  Time since last request: 0,000011 seconds.
  path: Assets/PolygonDog/Models/Props/SM_Prop_Tag_Heart_01_Convex.asset
  artifactKey: Guid(ced94207735410247b37eb642d34b84c) Importer(815301076,1909f56bfc062723c751e8b465ee728b)
Start importing Assets/PolygonDog/Models/Props/SM_Prop_Tag_Heart_01_Convex.asset using Guid(ced94207735410247b37eb642d34b84c) Importer(815301076,1909f56bfc062723c751e8b465ee728b)  -> (artifact id: '2f84ef61f2c87b883ae2276fe6a3d3a8') in 0,003376 seconds 
========================================================================
Received Import Request.
  Time since last request: 0,000008 seconds.
  path: Assets/PolygonDog/Models/Props/SM_Prop_Tag_Circle_01_Convex.asset
  artifactKey: Guid(68e2137c1ee89694481c589f137c53c1) Importer(815301076,1909f56bfc062723c751e8b465ee728b)
Start importing Assets/PolygonDog/Models/Props/SM_Prop_Tag_Circle_01_Convex.asset using Guid(68e2137c1ee89694481c589f137c53c1) Importer(815301076,1909f56bfc062723c751e8b465ee728b)  -> (artifact id: 'ac4e0962b820c51a5e5a86f1945e3077') in 0,003034 seconds 
========================================================================
Received Import Request.
  Time since last request: 54,629147 seconds.
  path: Assets/PolygonDog/Animations
  artifactKey: Guid(ccced8cf7128c6843a1a251eee9f0547) Importer(815301076,1909f56bfc062723c751e8b465ee728b)
Start importing Assets/PolygonDog/Animations using Guid(ccced8cf7128c6843a1a251eee9f0547) Importer(815301076,1909f56bfc062723c751e8b465ee728b)  -> (artifact id: 'c01d510a95457550286b981f8a2b0f7b') in 0,000424 seconds 
========================================================================
Received Import Request.
  Time since last request: 0,026714 seconds.
  path: Assets/PolygonDog/Animations/Dog_Snarl.mask
  artifactKey: Guid(99f1ddcc5ebf7cb498739e97638c0e60) Importer(815301076,1909f56bfc062723c751e8b465ee728b)
Start importing Assets/PolygonDog/Animations/Dog_Snarl.mask using Guid(99f1ddcc5ebf7cb498739e97638c0e60) Importer(815301076,1909f56bfc062723c751e8b465ee728b)  -> (artifact id: 'ca9fb92d709680bb92abf139b03d8e21') in 0,001337 seconds 
========================================================================
Received Import Request.
  Time since last request: 0,000010 seconds.
  path: Assets/PolygonDog/Animations/Dog_Tongue.mask
  artifactKey: Guid(6087b6aa775ded44a930ca90c9e5d7b6) Importer(815301076,1909f56bfc062723c751e8b465ee728b)
Start importing Assets/PolygonDog/Animations/Dog_Tongue.mask using Guid(6087b6aa775ded44a930ca90c9e5d7b6) Importer(815301076,1909f56bfc062723c751e8b465ee728b)  -> (artifact id: '7e75fa55fccac17583aa362e724ca188') in 0,001148 seconds 
========================================================================
Received Import Request.
  Time since last request: 6,065600 seconds.
  path: Assets/PolygonDog/Animations/Actions_Sitting
  artifactKey: Guid(dc3b3805a235cb946b82839cc08853cf) Importer(815301076,1909f56bfc062723c751e8b465ee728b)
Start importing Assets/PolygonDog/Animations/Actions_Sitting using Guid(dc3b3805a235cb946b82839cc08853cf) Importer(815301076,1909f56bfc062723c751e8b465ee728b)  -> (artifact id: '439e5483bc1893d5c663fc3e1408e024') in 0,000454 seconds 
========================================================================
Received Import Request.
  Time since last request: 1,104336 seconds.
  path: Assets/PolygonDog/Animations/Actions_Standing
  artifactKey: Guid(aadf4daca2e92af41bb310f02ae6e736) Importer(815301076,1909f56bfc062723c751e8b465ee728b)
Start importing Assets/PolygonDog/Animations/Actions_Standing using Guid(aadf4daca2e92af41bb310f02ae6e736) Importer(815301076,1909f56bfc062723c751e8b465ee728b)  -> (artifact id: '64394c1e1811467ebe26b61c9db120f5') in 0,000539 seconds 
========================================================================
Received Import Request.
  Time since last request: 0,686058 seconds.
  path: Assets/PolygonDog/Animations/Advanced
  artifactKey: Guid(dc0573d28453ee24180fc7d798fd2ad2) Importer(815301076,1909f56bfc062723c751e8b465ee728b)
Start importing Assets/PolygonDog/Animations/Advanced using Guid(dc0573d28453ee24180fc7d798fd2ad2) Importer(815301076,1909f56bfc062723c751e8b465ee728b)  -> (artifact id: '99324c7c66f450205f09a94e8631d18a') in 0,000466 seconds 
========================================================================
Received Import Request.
  Time since last request: 0,755663 seconds.
  path: Assets/PolygonDog/Animations/Attack
  artifactKey: Guid(ba05bbdc69a0dfd4d878658933266412) Importer(815301076,1909f56bfc062723c751e8b465ee728b)
Start importing Assets/PolygonDog/Animations/Attack using Guid(ba05bbdc69a0dfd4d878658933266412) Importer(815301076,1909f56bfc062723c751e8b465ee728b)  -> (artifact id: '5d9bdf614985aadb9c3b29171d9cc9ec') in 0,000483 seconds 
========================================================================
Received Import Request.
  Time since last request: 1,056854 seconds.
  path: Assets/PolygonDog/Animations/Advanced/head.mask
  artifactKey: Guid(4e2248efbec5c364381ffff9c75b915d) Importer(815301076,1909f56bfc062723c751e8b465ee728b)
Start importing Assets/PolygonDog/Animations/Advanced/head.mask using Guid(4e2248efbec5c364381ffff9c75b915d) Importer(815301076,1909f56bfc062723c751e8b465ee728b)  -> (artifact id: '3095300fecf4ef9d597c0ba87ef34a62') in 0,001283 seconds 
========================================================================
Received Import Request.
  Time since last request: 4,189158 seconds.
  path: Assets/PolygonDog/Animations/Transitions
  artifactKey: Guid(99cd2f4cbe5cd8a4d95e671e3d2c0b72) Importer(815301076,1909f56bfc062723c751e8b465ee728b)
Start importing Assets/PolygonDog/Animations/Transitions using Guid(99cd2f4cbe5cd8a4d95e671e3d2c0b72) Importer(815301076,1909f56bfc062723c751e8b465ee728b)  -> (artifact id: 'd09e11e2781957645cf8f88845e3678e') in 0,000553 seconds 
========================================================================
Received Import Request.
  Time since last request: 0,031634 seconds.
  path: Assets/PolygonDog/Animations/Transitions/_POLYGON_Dog_Transition_AttackReady_ToStand.fbx
  artifactKey: Guid(864ed770749e47c4aa9f190a0a1d640e) Importer(815301076,1909f56bfc062723c751e8b465ee728b)
Start importing Assets/PolygonDog/Animations/Transitions/_POLYGON_Dog_Transition_AttackReady_ToStand.fbx using Guid(864ed770749e47c4aa9f190a0a1d640e) Importer(815301076,1909f56bfc062723c751e8b465ee728b)  -> (artifact id: '433c21e9db20cf10621981a0e5d45bc3') in 0,007528 seconds 
========================================================================
Received Import Request.
  Time since last request: 0,000013 seconds.
  path: Assets/PolygonDog/Animations/Transitions/_POLYGON_Dog_Transition_Sleep_ToStand.fbx
  artifactKey: Guid(695e702b79ad82f4fa228f9f1e4c86d2) Importer(815301076,1909f56bfc062723c751e8b465ee728b)
Start importing Assets/PolygonDog/Animations/Transitions/_POLYGON_Dog_Transition_Sleep_ToStand.fbx using Guid(695e702b79ad82f4fa228f9f1e4c86d2) Importer(815301076,1909f56bfc062723c751e8b465ee728b)  -> (artifact id: '15556c49479b9f335ca72bc96a181361') in 0,018994 seconds 
========================================================================
Received Import Request.
  Time since last request: 0,000013 seconds.
  path: Assets/PolygonDog/Animations/Transitions/_POLYGON_Dog_Transition_Sleep_ToSit.fbx
  artifactKey: Guid(12564b613fd8b0547b81e75f265cd86c) Importer(815301076,1909f56bfc062723c751e8b465ee728b)
Start importing Assets/PolygonDog/Animations/Transitions/_POLYGON_Dog_Transition_Sleep_ToSit.fbx using Guid(12564b613fd8b0547b81e75f265cd86c) Importer(815301076,1909f56bfc062723c751e8b465ee728b)  -> (artifact id: '8c7d289dbc86a551d9551759fc50b5c5') in 0,012206 seconds 
========================================================================
Received Import Request.
  Time since last request: 0,000020 seconds.
  path: Assets/PolygonDog/Animations/Transitions/_POLYGON_Dog_Transition_Sit_ToStand.fbx
  artifactKey: Guid(35797d234fe85ca47aa5d3285b47470f) Importer(815301076,1909f56bfc062723c751e8b465ee728b)
Start importing Assets/PolygonDog/Animations/Transitions/_POLYGON_Dog_Transition_Sit_ToStand.fbx using Guid(35797d234fe85ca47aa5d3285b47470f) Importer(815301076,1909f56bfc062723c751e8b465ee728b)  -> (artifact id: '3f421e51a90820a9c8a87fc1d615e251') in 0,016920 seconds 
========================================================================
Received Import Request.
  Time since last request: 0,000015 seconds.
  path: Assets/PolygonDog/Animations/Transitions/_POLYGON_Dog_Transition_Stand_ToSit.fbx
  artifactKey: Guid(cc6e3994a1c6723409c0a329e9ecc547) Importer(815301076,1909f56bfc062723c751e8b465ee728b)
Start importing Assets/PolygonDog/Animations/Transitions/_POLYGON_Dog_Transition_Stand_ToSit.fbx using Guid(cc6e3994a1c6723409c0a329e9ecc547) Importer(815301076,1909f56bfc062723c751e8b465ee728b)  -> (artifact id: 'd9e01c20f1c90fcb92f83b24cc11b7a7') in 0,016142 seconds 
========================================================================
Received Import Request.
  Time since last request: 0,000010 seconds.
  path: Assets/PolygonDog/Animations/Transitions/_POLYGON_Dog_Transition_Sit_ToSleep.fbx
  artifactKey: Guid(e3ca49f6996ee1143a102619cd29755a) Importer(815301076,1909f56bfc062723c751e8b465ee728b)
Start importing Assets/PolygonDog/Animations/Transitions/_POLYGON_Dog_Transition_Sit_ToSleep.fbx using Guid(e3ca49f6996ee1143a102619cd29755a) Importer(815301076,1909f56bfc062723c751e8b465ee728b)  -> (artifact id: '2895cc001f25b6614f90540c8367af4f') in 0,011090 seconds 
========================================================================
Received Import Request.
  Time since last request: 0,000012 seconds.
  path: Assets/PolygonDog/Animations/Transitions/_POLYGON_Dog_Transition_Stand_ToSleep.fbx
  artifactKey: Guid(a7466775b27aeab4480b024ed76ae69c) Importer(815301076,1909f56bfc062723c751e8b465ee728b)
Start importing Assets/PolygonDog/Animations/Transitions/_POLYGON_Dog_Transition_Stand_ToSleep.fbx using Guid(a7466775b27aeab4480b024ed76ae69c) Importer(815301076,1909f56bfc062723c751e8b465ee728b)  -> (artifact id: 'b7b2ef288fb7f84d29b77f506d0ea4c5') in 0,014651 seconds 
========================================================================
Received Import Request.
  Time since last request: 0,000010 seconds.
  path: Assets/PolygonDog/Animations/Transitions/_POLYGON_Dog_Transition_Stand_ToAttackReady.fbx
  artifactKey: Guid(ac7f740320ca4964ba532d45117d09d8) Importer(815301076,1909f56bfc062723c751e8b465ee728b)
Start importing Assets/PolygonDog/Animations/Transitions/_POLYGON_Dog_Transition_Stand_ToAttackReady.fbx using Guid(ac7f740320ca4964ba532d45117d09d8) Importer(815301076,1909f56bfc062723c751e8b465ee728b)  -> (artifact id: '2955902e3d98266559b99b8ed6c9ee8f') in 0,006540 seconds 
========================================================================
Received Prepare
Registering precompiled user dll's ...
Registered in 0,002505 seconds.
Begin MonoManager ReloadAssembly
Symbol file LoadedFromMemory doesn't match image /home/thiago/UFOP/Computacao Grafica/unity_projects/pet-go/Library/PackageCache/com.unity.visualscripting@1.8.0/Editor/VisualScripting.Core/Dependencies/DotNetZip/Unity.VisualScripting.IonicZip.dll
Symbol file LoadedFromMemory doesn't match image /home/thiago/UFOP/Computacao Grafica/unity_projects/pet-go/Library/PackageCache/com.unity.visualscripting@1.8.0/Editor/VisualScripting.Core/Dependencies/YamlDotNet/Unity.VisualScripting.YamlDotNet.dll
Native extension for LinuxStandalone target not found
Refreshing native plugins compatible for Editor in 0,80 ms, found 0 plugins.
Preloading 0 native plugins for Editor in 0,00 ms.
Mono: successfully reloaded assembly
- Completed reload, in  0,815 seconds
Domain Reload Profiling:
	ReloadAssembly (816ms)
		BeginReloadAssembly (82ms)
			ExecutionOrderSort (0ms)
			DisableScriptedObjects (4ms)
			BackupInstance (0ms)
			ReleaseScriptingObjects (0ms)
			CreateAndSetChildDomain (29ms)
		EndReloadAssembly (663ms)
			LoadAssemblies (38ms)
			RebuildTransferFunctionScriptingTraits (0ms)
			SetupTypeCache (170ms)
			ReleaseScriptCaches (1ms)
			RebuildScriptCaches (41ms)
			SetupLoadedEditorAssemblies (364ms)
				LogAssemblyErrors (0ms)
				InitializePlatformSupportModulesInManaged (13ms)
				SetLoadedEditorAssemblies (0ms)
				RefreshPlugins (1ms)
				BeforeProcessingInitializeOnLoad (50ms)
				ProcessInitializeOnLoadAttributes (206ms)
				ProcessInitializeOnLoadMethodAttributes (89ms)
				AfterProcessingInitializeOnLoad (4ms)
				EditorAssembliesLoaded (0ms)
			ExecutionOrderSort2 (0ms)
			AwakeInstancesAfterBackupRestoration (3ms)
Platform modules already initialized, skipping
Refreshing native plugins compatible for Editor in 3,04 ms, found 0 plugins.
Preloading 0 native plugins for Editor in 0,00 ms.
Unloading 4066 Unused Serialized files (Serialized files now loaded: 0)
Unloading 66 unused Assets / (1,4 MB). Loaded Objects now: 4613.
Memory consumption went from 154,0 MB to 152,6 MB.
Total: 6,044772 ms (FindLiveObjects: 0,248800 ms CreateObjectMapping: 0,156810 ms MarkObjects: 5,243512 ms  DeleteObjects: 0,395020 ms)

AssetImportParameters requested are different than current active one (requested -> active):
  custom:video-decoder-ogg-theora: a1e56fd34408186e4bbccfd4996cb3dc -> 
  custom:container-muxer-webm: aa71ff27fc2769a1b78a27578f13a17b -> 
  custom:container-demuxer-webm: 4f35f7cbe854078d1ac9338744f61a02 -> 
  custom:video-encoder-webm-vp8: eb34c28f22e8b96e1ab97ce403110664 -> 
  custom:audio-encoder-webm-vorbis: bf7c407c2cedff20999df2af8eb42d56 -> 
  custom:container-demuxer-ogg: 62fdf1f143b41e24485cea50d1cbac27 -> 
  custom:video-decoder-webm-vp8: 9c59270c3fd7afecdb556c50c9e8de78 -> 
  custom:audio-decoder-ogg-vorbis: bf7c407c2cedff20999df2af8eb42d56 -> 
========================================================================
Received Prepare
Registering precompiled user dll's ...
Registered in 0,002472 seconds.
Begin MonoManager ReloadAssembly
Symbol file LoadedFromMemory doesn't match image /home/thiago/UFOP/Computacao Grafica/unity_projects/pet-go/Library/PackageCache/com.unity.visualscripting@1.8.0/Editor/VisualScripting.Core/Dependencies/DotNetZip/Unity.VisualScripting.IonicZip.dll
Symbol file LoadedFromMemory doesn't match image /home/thiago/UFOP/Computacao Grafica/unity_projects/pet-go/Library/PackageCache/com.unity.visualscripting@1.8.0/Editor/VisualScripting.Core/Dependencies/YamlDotNet/Unity.VisualScripting.YamlDotNet.dll
Native extension for LinuxStandalone target not found
Refreshing native plugins compatible for Editor in 0,79 ms, found 0 plugins.
Preloading 0 native plugins for Editor in 0,00 ms.
Mono: successfully reloaded assembly
- Completed reload, in  0,754 seconds
Domain Reload Profiling:
	ReloadAssembly (755ms)
		BeginReloadAssembly (74ms)
			ExecutionOrderSort (0ms)
			DisableScriptedObjects (5ms)
			BackupInstance (0ms)
			ReleaseScriptingObjects (0ms)
			CreateAndSetChildDomain (26ms)
		EndReloadAssembly (613ms)
			LoadAssemblies (32ms)
			RebuildTransferFunctionScriptingTraits (0ms)
			SetupTypeCache (156ms)
			ReleaseScriptCaches (1ms)
			RebuildScriptCaches (35ms)
			SetupLoadedEditorAssemblies (345ms)
				LogAssemblyErrors (0ms)
				InitializePlatformSupportModulesInManaged (11ms)
				SetLoadedEditorAssemblies (0ms)
				RefreshPlugins (1ms)
				BeforeProcessingInitializeOnLoad (49ms)
				ProcessInitializeOnLoadAttributes (202ms)
				ProcessInitializeOnLoadMethodAttributes (77ms)
				AfterProcessingInitializeOnLoad (4ms)
				EditorAssembliesLoaded (0ms)
			ExecutionOrderSort2 (0ms)
			AwakeInstancesAfterBackupRestoration (3ms)
Platform modules already initialized, skipping
Refreshing native plugins compatible for Editor in 3,30 ms, found 0 plugins.
Preloading 0 native plugins for Editor in 0,00 ms.
Unloading 4079 Unused Serialized files (Serialized files now loaded: 0)
Unloading 79 unused Assets / (1,9 MB). Loaded Objects now: 4616.
Memory consumption went from 155,9 MB to 154,0 MB.
Total: 6,949612 ms (FindLiveObjects: 0,497070 ms CreateObjectMapping: 0,125560 ms MarkObjects: 5,714702 ms  DeleteObjects: 0,611310 ms)

AssetImportParameters requested are different than current active one (requested -> active):
  custom:video-decoder-ogg-theora: a1e56fd34408186e4bbccfd4996cb3dc -> 
  custom:container-muxer-webm: aa71ff27fc2769a1b78a27578f13a17b -> 
  custom:container-demuxer-webm: 4f35f7cbe854078d1ac9338744f61a02 -> 
  custom:video-encoder-webm-vp8: eb34c28f22e8b96e1ab97ce403110664 -> 
  custom:audio-encoder-webm-vorbis: bf7c407c2cedff20999df2af8eb42d56 -> 
  custom:container-demuxer-ogg: 62fdf1f143b41e24485cea50d1cbac27 -> 
  custom:video-decoder-webm-vp8: 9c59270c3fd7afecdb556c50c9e8de78 -> 
  custom:audio-decoder-ogg-vorbis: bf7c407c2cedff20999df2af8eb42d56 -> 
