
=== Sun Feb 26 10:13:47 2023

Packages were changed.
Update Mode: updateDependencies

The following packages were updated:
  com.unity.collab-proxy from version 1.13.5 to 1.17.7
  com.unity.ide.rider from version 3.0.7 to 3.0.16
  com.unity.ide.visualstudio from version 2.0.11 to 2.0.16
  com.unity.ide.vscode from version 1.2.4 to 1.2.5
  com.unity.render-pipelines.high-definition from version 12.1.0 to 12.1.8
  com.unity.render-pipelines.universal from version 12.1.0 to 12.1.8
  com.unity.shadergraph from version 12.1.0 to 12.1.8
  com.unity.test-framework from version 1.1.29 to 1.1.31
  com.unity.timeline from version 1.6.2 to 1.6.4
  com.unity.visualscripting from version 1.7.2 to 1.7.8

=== Sun Feb 26 10:13:50 2023

Packages were changed.
Update Mode: mergeDefaultDependencies

The following packages were added:
  com.unity.render-pipelines.high-definition@12.1.8
  com.unity.render-pipelines.universal@12.1.8
  com.unity.shadergraph@12.1.8

=== Sun Feb 26 14:21:15 2023

Packages were changed.
Update Mode: updateDependencies

The following packages were updated:
  com.unity.collab-proxy from version 1.13.5 to 1.17.7
  com.unity.ide.rider from version 3.0.7 to 3.0.16
  com.unity.ide.visualstudio from version 2.0.11 to 2.0.16
  com.unity.ide.vscode from version 1.2.4 to 1.2.5
  com.unity.render-pipelines.high-definition from version 12.1.0 to 12.1.8
  com.unity.render-pipelines.universal from version 12.1.0 to 12.1.8
  com.unity.shadergraph from version 12.1.0 to 12.1.8
  com.unity.test-framework from version 1.1.29 to 1.1.31
  com.unity.timeline from version 1.6.2 to 1.6.4
  com.unity.visualscripting from version 1.7.2 to 1.7.8

=== Sun Feb 26 14:21:16 2023

Packages were changed.
Update Mode: mergeDefaultDependencies

The following packages were added:
  com.unity.render-pipelines.high-definition@12.1.8
  com.unity.render-pipelines.universal@12.1.8
  com.unity.shadergraph@12.1.8

=== Sun Feb 26 14:35:41 2023

Packages were changed.
Update Mode: updateDependencies

The following packages were updated:
  com.unity.collab-proxy from version 1.13.5 to 1.17.7
  com.unity.ide.rider from version 3.0.7 to 3.0.16
  com.unity.ide.visualstudio from version 2.0.11 to 2.0.16
  com.unity.ide.vscode from version 1.2.4 to 1.2.5
  com.unity.render-pipelines.high-definition from version 12.1.0 to 12.1.8
  com.unity.render-pipelines.universal from version 12.1.0 to 12.1.8
  com.unity.shadergraph from version 12.1.0 to 12.1.8
  com.unity.test-framework from version 1.1.29 to 1.1.31
  com.unity.timeline from version 1.6.2 to 1.6.4
  com.unity.visualscripting from version 1.7.2 to 1.7.8
